OpenClaw Games (Chess 1.0) running on port 3000
2026-01-31T15:50:30.035Z GET /games
2026-01-31T15:50:54.167Z GET /
2026-01-31T15:50:54.364Z GET /app.js
2026-01-31T15:50:54.370Z GET /styles.css
2026-01-31T15:50:59.100Z GET /
2026-01-31T15:50:59.219Z GET /styles.css
2026-01-31T15:50:59.222Z GET /app.js
2026-01-31T15:51:34.125Z GET /
2026-01-31T15:51:34.338Z GET /styles.css
2026-01-31T15:51:34.343Z GET /app.js
2026-01-31T15:51:34.714Z GET /favicon.ico
2026-01-31T15:51:34.715Z GET /favicon.ico
2026-01-31T15:51:36.681Z GET /
2026-01-31T15:51:36.805Z GET /app.js
2026-01-31T15:51:36.811Z GET /styles.css
2026-01-31T15:51:47.535Z HEAD /games
2026-01-31T15:52:15.493Z GET /
2026-01-31T15:52:15.624Z GET /styles.css
2026-01-31T15:52:15.631Z GET /app.js
2026-01-31T15:52:54.736Z GET /
2026-01-31T15:52:54.959Z GET /app.js
2026-01-31T15:52:54.960Z GET /styles.css
2026-01-31T15:52:55.233Z GET /games
2026-01-31T15:52:55.246Z GET /leaderboard
2026-01-31T15:52:55.252Z GET /img/chesspieces/wikipedia/bR.png
2026-01-31T15:52:55.252Z GET /img/chesspieces/wikipedia/bR.png
2026-01-31T15:52:55.258Z GET /img/chesspieces/wikipedia/bP.png
2026-01-31T15:52:55.258Z GET /img/chesspieces/wikipedia/bB.png
2026-01-31T15:52:55.259Z GET /img/chesspieces/wikipedia/bP.png
2026-01-31T15:52:55.259Z GET /img/chesspieces/wikipedia/bB.png
2026-01-31T15:52:55.260Z GET /img/chesspieces/wikipedia/wR.png
2026-01-31T15:52:55.261Z GET /img/chesspieces/wikipedia/bQ.png
2026-01-31T15:52:55.261Z GET /img/chesspieces/wikipedia/wR.png
2026-01-31T15:52:55.261Z GET /img/chesspieces/wikipedia/bQ.png
2026-01-31T15:52:55.261Z GET /img/chesspieces/wikipedia/bK.png
2026-01-31T15:52:55.262Z GET /img/chesspieces/wikipedia/bK.png
2026-01-31T15:52:55.262Z GET /img/chesspieces/wikipedia/wP.png
2026-01-31T15:52:55.262Z GET /img/chesspieces/wikipedia/wP.png
2026-01-31T15:52:55.263Z GET /img/chesspieces/wikipedia/bN.png
2026-01-31T15:52:55.263Z GET /img/chesspieces/wikipedia/wB.png
2026-01-31T15:52:55.263Z GET /img/chesspieces/wikipedia/wN.png
2026-01-31T15:52:55.263Z GET /img/chesspieces/wikipedia/bN.png
2026-01-31T15:52:55.263Z GET /img/chesspieces/wikipedia/wB.png
2026-01-31T15:52:55.263Z GET /img/chesspieces/wikipedia/wN.png
2026-01-31T15:52:55.264Z GET /img/chesspieces/wikipedia/wQ.png
2026-01-31T15:52:55.265Z GET /img/chesspieces/wikipedia/wQ.png
2026-01-31T15:52:55.275Z GET /img/chesspieces/wikipedia/wK.png
2026-01-31T15:52:55.275Z GET /img/chesspieces/wikipedia/wK.png
2026-01-31T15:52:55.440Z GET /games
2026-01-31T15:52:55.552Z GET /img/chesspieces/wikipedia/bN.png
2026-01-31T15:52:55.552Z GET /img/chesspieces/wikipedia/bB.png
2026-01-31T15:52:55.552Z GET /img/chesspieces/wikipedia/bQ.png
2026-01-31T15:52:55.552Z GET /img/chesspieces/wikipedia/bP.png
2026-01-31T15:52:55.553Z GET /img/chesspieces/wikipedia/wP.png
2026-01-31T15:52:55.553Z GET /img/chesspieces/wikipedia/bK.png
2026-01-31T15:52:55.553Z GET /img/chesspieces/wikipedia/bN.png
2026-01-31T15:52:55.553Z GET /img/chesspieces/wikipedia/bB.png
2026-01-31T15:52:55.553Z GET /img/chesspieces/wikipedia/bQ.png
2026-01-31T15:52:55.553Z GET /img/chesspieces/wikipedia/bP.png
2026-01-31T15:52:55.553Z GET /img/chesspieces/wikipedia/wP.png
2026-01-31T15:52:55.553Z GET /img/chesspieces/wikipedia/bK.png
2026-01-31T15:52:55.555Z GET /img/chesspieces/wikipedia/wQ.png
2026-01-31T15:52:55.555Z GET /img/chesspieces/wikipedia/wQ.png
2026-01-31T15:52:55.573Z GET /img/chesspieces/wikipedia/wR.png
2026-01-31T15:52:55.573Z GET /img/chesspieces/wikipedia/wR.png
2026-01-31T15:52:55.579Z GET /img/chesspieces/wikipedia/wB.png
2026-01-31T15:52:55.579Z GET /img/chesspieces/wikipedia/wN.png
2026-01-31T15:52:55.579Z GET /img/chesspieces/wikipedia/wB.png
2026-01-31T15:52:55.579Z GET /img/chesspieces/wikipedia/wN.png
2026-01-31T15:52:55.610Z GET /img/chesspieces/wikipedia/wK.png
2026-01-31T15:52:55.610Z GET /img/chesspieces/wikipedia/wK.png
2026-01-31T15:52:57.269Z GET /leaderboard
2026-01-31T15:52:57.270Z GET /games
2026-01-31T15:52:57.351Z GET /img/chesspieces/wikipedia/bB.png
2026-01-31T15:52:57.351Z GET /img/chesspieces/wikipedia/bB.png
2026-01-31T15:52:57.357Z GET /img/chesspieces/wikipedia/bR.png
2026-01-31T15:52:57.357Z GET /img/chesspieces/wikipedia/bN.png
2026-01-31T15:52:57.357Z GET /img/chesspieces/wikipedia/bR.png
2026-01-31T15:52:57.358Z GET /img/chesspieces/wikipedia/bN.png
2026-01-31T15:52:57.362Z GET /img/chesspieces/wikipedia/bP.png
2026-01-31T15:52:57.362Z GET /img/chesspieces/wikipedia/bP.png
2026-01-31T15:52:57.372Z GET /img/chesspieces/wikipedia/bK.png
2026-01-31T15:52:57.372Z GET /img/chesspieces/wikipedia/bK.png
2026-01-31T15:52:57.397Z GET /img/chesspieces/wikipedia/wK.png
2026-01-31T15:52:57.397Z GET /img/chesspieces/wikipedia/wP.png
2026-01-31T15:52:57.397Z GET /img/chesspieces/wikipedia/wN.png
2026-01-31T15:52:57.397Z GET /img/chesspieces/wikipedia/bQ.png
2026-01-31T15:52:57.397Z GET /img/chesspieces/wikipedia/wQ.png
2026-01-31T15:52:57.398Z GET /img/chesspieces/wikipedia/wB.png
2026-01-31T15:52:57.398Z GET /img/chesspieces/wikipedia/wK.png
2026-01-31T15:52:57.398Z GET /img/chesspieces/wikipedia/wP.png
2026-01-31T15:52:57.398Z GET /img/chesspieces/wikipedia/wN.png
2026-01-31T15:52:57.398Z GET /img/chesspieces/wikipedia/bQ.png
2026-01-31T15:52:57.398Z GET /img/chesspieces/wikipedia/wQ.png
2026-01-31T15:52:57.398Z GET /img/chesspieces/wikipedia/wB.png
2026-01-31T15:52:57.401Z GET /img/chesspieces/wikipedia/wR.png
2026-01-31T15:52:57.401Z GET /img/chesspieces/wikipedia/wR.png
2026-01-31T15:52:59.249Z GET /leaderboard
2026-01-31T15:52:59.255Z GET /games
2026-01-31T15:52:59.355Z GET /img/chesspieces/wikipedia/bB.png
2026-01-31T15:52:59.356Z GET /img/chesspieces/wikipedia/bR.png
2026-01-31T15:52:59.356Z GET /img/chesspieces/wikipedia/bB.png
2026-01-31T15:52:59.356Z GET /img/chesspieces/wikipedia/bR.png
2026-01-31T15:52:59.361Z GET /img/chesspieces/wikipedia/wK.png
2026-01-31T15:52:59.361Z GET /img/chesspieces/wikipedia/bN.png
2026-01-31T15:52:59.361Z GET /img/chesspieces/wikipedia/wK.png
2026-01-31T15:52:59.361Z GET /img/chesspieces/wikipedia/bN.png
2026-01-31T15:52:59.368Z GET /img/chesspieces/wikipedia/bQ.png
2026-01-31T15:52:59.368Z GET /img/chesspieces/wikipedia/bK.png
2026-01-31T15:52:59.369Z GET /img/chesspieces/wikipedia/bQ.png
2026-01-31T15:52:59.369Z GET /img/chesspieces/wikipedia/bK.png
2026-01-31T15:52:59.391Z GET /img/chesspieces/wikipedia/wN.png
2026-01-31T15:52:59.392Z GET /img/chesspieces/wikipedia/wN.png
2026-01-31T15:52:59.404Z GET /img/chesspieces/wikipedia/wQ.png
2026-01-31T15:52:59.405Z GET /img/chesspieces/wikipedia/wB.png
2026-01-31T15:52:59.405Z GET /img/chesspieces/wikipedia/wP.png
2026-01-31T15:52:59.405Z GET /img/chesspieces/wikipedia/bP.png
2026-01-31T15:52:59.405Z GET /img/chesspieces/wikipedia/wR.png
2026-01-31T15:52:59.405Z GET /img/chesspieces/wikipedia/wQ.png
2026-01-31T15:52:59.405Z GET /img/chesspieces/wikipedia/wB.png
2026-01-31T15:52:59.406Z GET /img/chesspieces/wikipedia/wP.png
2026-01-31T15:52:59.406Z GET /img/chesspieces/wikipedia/bP.png
2026-01-31T15:52:59.406Z GET /img/chesspieces/wikipedia/wR.png
2026-01-31T15:53:01.265Z GET /leaderboard
2026-01-31T15:53:01.266Z GET /games
2026-01-31T15:53:01.356Z GET /img/chesspieces/wikipedia/bN.png
2026-01-31T15:53:01.357Z GET /img/chesspieces/wikipedia/bR.png
2026-01-31T15:53:01.357Z GET /img/chesspieces/wikipedia/bB.png
2026-01-31T15:53:01.357Z GET /img/chesspieces/wikipedia/bN.png
2026-01-31T15:53:01.357Z GET /img/chesspieces/wikipedia/bR.png
2026-01-31T15:53:01.357Z GET /img/chesspieces/wikipedia/bB.png
2026-01-31T15:53:01.392Z GET /img/chesspieces/wikipedia/bP.png
2026-01-31T15:53:01.392Z GET /img/chesspieces/wikipedia/bK.png
2026-01-31T15:53:01.392Z GET /img/chesspieces/wikipedia/bP.png
2026-01-31T15:53:01.392Z GET /img/chesspieces/wikipedia/bK.png
2026-01-31T15:53:01.449Z GET /img/chesspieces/wikipedia/bQ.png
2026-01-31T15:53:01.449Z GET /img/chesspieces/wikipedia/bQ.png
2026-01-31T15:53:01.475Z GET /img/chesspieces/wikipedia/wN.png
2026-01-31T15:53:01.476Z GET /img/chesspieces/wikipedia/wP.png
2026-01-31T15:53:01.476Z GET /img/chesspieces/wikipedia/wR.png
2026-01-31T15:53:01.476Z GET /img/chesspieces/wikipedia/wB.png
2026-01-31T15:53:01.476Z GET /img/chesspieces/wikipedia/wQ.png
2026-01-31T15:53:01.476Z GET /img/chesspieces/wikipedia/wK.png
2026-01-31T15:53:01.477Z GET /img/chesspieces/wikipedia/wN.png
2026-01-31T15:53:01.477Z GET /img/chesspieces/wikipedia/wP.png
2026-01-31T15:53:01.477Z GET /img/chesspieces/wikipedia/wR.png
2026-01-31T15:53:01.477Z GET /img/chesspieces/wikipedia/wB.png
2026-01-31T15:53:01.477Z GET /img/chesspieces/wikipedia/wQ.png
2026-01-31T15:53:01.477Z GET /img/chesspieces/wikipedia/wK.png
2026-01-31T15:53:03.256Z GET /games
2026-01-31T15:53:03.257Z GET /leaderboard
2026-01-31T15:53:03.351Z GET /img/chesspieces/wikipedia/bR.png
2026-01-31T15:53:03.352Z GET /img/chesspieces/wikipedia/bR.png
2026-01-31T15:53:03.373Z GET /img/chesspieces/wikipedia/bN.png
2026-01-31T15:53:03.374Z GET /img/chesspieces/wikipedia/bN.png
2026-01-31T15:53:03.381Z GET /img/chesspieces/wikipedia/bB.png
2026-01-31T15:53:03.381Z GET /img/chesspieces/wikipedia/bB.png
2026-01-31T15:53:03.388Z GET /img/chesspieces/wikipedia/bK.png
2026-01-31T15:53:03.388Z GET /img/chesspieces/wikipedia/bP.png
2026-01-31T15:53:03.389Z GET /img/chesspieces/wikipedia/wP.png
2026-01-31T15:53:03.389Z GET /img/chesspieces/wikipedia/bK.png
2026-01-31T15:53:03.389Z GET /img/chesspieces/wikipedia/bP.png
2026-01-31T15:53:03.389Z GET /img/chesspieces/wikipedia/wP.png
2026-01-31T15:53:03.417Z GET /img/chesspieces/wikipedia/bQ.png
2026-01-31T15:53:03.418Z GET /img/chesspieces/wikipedia/wB.png
2026-01-31T15:53:03.418Z GET /img/chesspieces/wikipedia/wK.png
2026-01-31T15:53:03.418Z GET /img/chesspieces/wikipedia/wN.png
2026-01-31T15:53:03.418Z GET /img/chesspieces/wikipedia/wR.png
2026-01-31T15:53:03.419Z GET /img/chesspieces/wikipedia/bQ.png
2026-01-31T15:53:03.419Z GET /img/chesspieces/wikipedia/wB.png
2026-01-31T15:53:03.419Z GET /img/chesspieces/wikipedia/wK.png
2026-01-31T15:53:03.419Z GET /img/chesspieces/wikipedia/wN.png
2026-01-31T15:53:03.419Z GET /img/chesspieces/wikipedia/wR.png
2026-01-31T15:53:05.052Z GET /img/chesspieces/wikipedia/wQ.png
2026-01-31T15:53:05.053Z GET /img/chesspieces/wikipedia/wQ.png
2026-01-31T15:53:05.255Z GET /games
2026-01-31T15:53:05.256Z GET /leaderboard
2026-01-31T15:53:05.355Z GET /img/chesspieces/wikipedia/bN.png
2026-01-31T15:53:05.355Z GET /img/chesspieces/wikipedia/bR.png
2026-01-31T15:53:05.356Z GET /img/chesspieces/wikipedia/bK.png
2026-01-31T15:53:05.356Z GET /img/chesspieces/wikipedia/bN.png
2026-01-31T15:53:05.356Z GET /img/chesspieces/wikipedia/bR.png
2026-01-31T15:53:05.356Z GET /img/chesspieces/wikipedia/bK.png
2026-01-31T15:53:05.361Z GET /img/chesspieces/wikipedia/bB.png
2026-01-31T15:53:05.361Z GET /img/chesspieces/wikipedia/bQ.png
2026-01-31T15:53:05.361Z GET /img/chesspieces/wikipedia/bB.png
2026-01-31T15:53:05.361Z GET /img/chesspieces/wikipedia/bQ.png
2026-01-31T15:53:05.367Z GET /img/chesspieces/wikipedia/wN.png
2026-01-31T15:53:05.367Z GET /img/chesspieces/wikipedia/bP.png
2026-01-31T15:53:05.367Z GET /img/chesspieces/wikipedia/wN.png
2026-01-31T15:53:05.367Z GET /img/chesspieces/wikipedia/bP.png
2026-01-31T15:53:05.391Z GET /img/chesspieces/wikipedia/wP.png
2026-01-31T15:53:05.391Z GET /img/chesspieces/wikipedia/wP.png
2026-01-31T15:53:05.399Z GET /img/chesspieces/wikipedia/wB.png
2026-01-31T15:53:05.399Z GET /img/chesspieces/wikipedia/wQ.png
2026-01-31T15:53:05.399Z GET /img/chesspieces/wikipedia/wK.png
2026-01-31T15:53:05.400Z GET /img/chesspieces/wikipedia/wR.png
2026-01-31T15:53:05.400Z GET /img/chesspieces/wikipedia/wB.png
2026-01-31T15:53:05.400Z GET /img/chesspieces/wikipedia/wQ.png
2026-01-31T15:53:05.400Z GET /img/chesspieces/wikipedia/wK.png
2026-01-31T15:53:05.400Z GET /img/chesspieces/wikipedia/wR.png
2026-01-31T15:53:07.304Z GET /games
2026-01-31T15:53:07.305Z GET /leaderboard
2026-01-31T15:53:07.397Z GET /img/chesspieces/wikipedia/bR.png
2026-01-31T15:53:07.397Z GET /img/chesspieces/wikipedia/bR.png
2026-01-31T15:53:07.401Z GET /img/chesspieces/wikipedia/bN.png
2026-01-31T15:53:07.401Z GET /img/chesspieces/wikipedia/bN.png
2026-01-31T15:53:07.416Z GET /img/chesspieces/wikipedia/bB.png
2026-01-31T15:53:07.417Z GET /img/chesspieces/wikipedia/bQ.png
2026-01-31T15:53:07.417Z GET /img/chesspieces/wikipedia/bP.png
2026-01-31T15:53:07.417Z GET /img/chesspieces/wikipedia/wP.png
2026-01-31T15:53:07.417Z GET /img/chesspieces/wikipedia/bB.png
2026-01-31T15:53:07.417Z GET /img/chesspieces/wikipedia/bQ.png
2026-01-31T15:53:07.417Z GET /img/chesspieces/wikipedia/bP.png
2026-01-31T15:53:07.417Z GET /img/chesspieces/wikipedia/wP.png
2026-01-31T15:53:07.459Z GET /img/chesspieces/wikipedia/wQ.png
2026-01-31T15:53:07.459Z GET /img/chesspieces/wikipedia/bK.png
2026-01-31T15:53:07.460Z GET /img/chesspieces/wikipedia/wN.png
2026-01-31T15:53:07.460Z GET /img/chesspieces/wikipedia/wK.png
2026-01-31T15:53:07.460Z GET /img/chesspieces/wikipedia/wR.png
2026-01-31T15:53:07.460Z GET /img/chesspieces/wikipedia/wB.png
2026-01-31T15:53:07.460Z GET /img/chesspieces/wikipedia/wQ.png
2026-01-31T15:53:07.460Z GET /img/chesspieces/wikipedia/bK.png
2026-01-31T15:53:07.460Z GET /img/chesspieces/wikipedia/wN.png
2026-01-31T15:53:07.461Z GET /img/chesspieces/wikipedia/wK.png
2026-01-31T15:53:07.461Z GET /img/chesspieces/wikipedia/wR.png
2026-01-31T15:53:07.461Z GET /img/chesspieces/wikipedia/wB.png
2026-01-31T15:53:09.250Z GET /leaderboard
2026-01-31T15:53:09.250Z GET /games
2026-01-31T15:53:09.339Z GET /img/chesspieces/wikipedia/bN.png
2026-01-31T15:53:09.339Z GET /img/chesspieces/wikipedia/bR.png
2026-01-31T15:53:09.339Z GET /img/chesspieces/wikipedia/bK.png
2026-01-31T15:53:09.340Z GET /img/chesspieces/wikipedia/bN.png
2026-01-31T15:53:09.340Z GET /img/chesspieces/wikipedia/bR.png
2026-01-31T15:53:09.340Z GET /img/chesspieces/wikipedia/bK.png
2026-01-31T15:53:09.345Z GET /img/chesspieces/wikipedia/bQ.png
2026-01-31T15:53:09.345Z GET /img/chesspieces/wikipedia/wK.png
2026-01-31T15:53:09.346Z GET /img/chesspieces/wikipedia/wP.png
2026-01-31T15:53:09.346Z GET /img/chesspieces/wikipedia/bQ.png
2026-01-31T15:53:09.346Z GET /img/chesspieces/wikipedia/wK.png
2026-01-31T15:53:09.346Z GET /img/chesspieces/wikipedia/wP.png
2026-01-31T15:53:09.351Z GET /img/chesspieces/wikipedia/bB.png
2026-01-31T15:53:09.351Z GET /img/chesspieces/wikipedia/bP.png
2026-01-31T15:53:09.351Z GET /img/chesspieces/wikipedia/bB.png
2026-01-31T15:53:09.351Z GET /img/chesspieces/wikipedia/bP.png
2026-01-31T15:53:09.388Z GET /img/chesspieces/wikipedia/wR.png
2026-01-31T15:53:09.388Z GET /img/chesspieces/wikipedia/wR.png
2026-01-31T15:53:09.391Z GET /img/chesspieces/wikipedia/wN.png
2026-01-31T15:53:09.391Z GET /img/chesspieces/wikipedia/wB.png
2026-01-31T15:53:09.392Z GET /img/chesspieces/wikipedia/wQ.png
2026-01-31T15:53:09.392Z GET /img/chesspieces/wikipedia/wN.png
2026-01-31T15:53:09.392Z GET /img/chesspieces/wikipedia/wB.png
2026-01-31T15:53:09.392Z GET /img/chesspieces/wikipedia/wQ.png
2026-01-31T15:53:11.297Z GET /leaderboard
2026-01-31T15:53:11.298Z GET /games
2026-01-31T15:53:11.395Z GET /img/chesspieces/wikipedia/bR.png
2026-01-31T15:53:11.395Z GET /img/chesspieces/wikipedia/bN.png
2026-01-31T15:53:11.395Z GET /img/chesspieces/wikipedia/bR.png
2026-01-31T15:53:11.396Z GET /img/chesspieces/wikipedia/bN.png
2026-01-31T15:53:11.401Z GET /img/chesspieces/wikipedia/bQ.png
2026-01-31T15:53:11.401Z GET /img/chesspieces/wikipedia/bB.png
2026-01-31T15:53:11.401Z GET /img/chesspieces/wikipedia/bQ.png
2026-01-31T15:53:11.401Z GET /img/chesspieces/wikipedia/bB.png
2026-01-31T15:53:11.433Z GET /img/chesspieces/wikipedia/bP.png
2026-01-31T15:53:11.433Z GET /img/chesspieces/wikipedia/bP.png
2026-01-31T15:53:11.471Z GET /img/chesspieces/wikipedia/wB.png
2026-01-31T15:53:11.472Z GET /img/chesspieces/wikipedia/wR.png
2026-01-31T15:53:11.472Z GET /img/chesspieces/wikipedia/bK.png
2026-01-31T15:53:11.472Z GET /img/chesspieces/wikipedia/wB.png
2026-01-31T15:53:11.472Z GET /img/chesspieces/wikipedia/wR.png
2026-01-31T15:53:11.472Z GET /img/chesspieces/wikipedia/bK.png
2026-01-31T15:53:11.481Z GET /img/chesspieces/wikipedia/wN.png
2026-01-31T15:53:11.482Z GET /img/chesspieces/wikipedia/wQ.png
2026-01-31T15:53:11.482Z GET /img/chesspieces/wikipedia/wP.png
2026-01-31T15:53:11.482Z GET /img/chesspieces/wikipedia/wK.png
2026-01-31T15:53:11.482Z GET /img/chesspieces/wikipedia/wN.png
2026-01-31T15:53:11.482Z GET /img/chesspieces/wikipedia/wQ.png
2026-01-31T15:53:11.482Z GET /img/chesspieces/wikipedia/wP.png
2026-01-31T15:53:11.482Z GET /img/chesspieces/wikipedia/wK.png
2026-01-31T15:53:13.346Z GET /games
2026-01-31T15:53:13.347Z GET /leaderboard
2026-01-31T15:53:13.466Z GET /img/chesspieces/wikipedia/bN.png
2026-01-31T15:53:13.466Z GET /img/chesspieces/wikipedia/bR.png
2026-01-31T15:53:13.467Z GET /img/chesspieces/wikipedia/bP.png
2026-01-31T15:53:13.467Z GET /img/chesspieces/wikipedia/wB.png
2026-01-31T15:53:13.467Z GET /img/chesspieces/wikipedia/bN.png
2026-01-31T15:53:13.467Z GET /img/chesspieces/wikipedia/bR.png
2026-01-31T15:53:13.467Z GET /img/chesspieces/wikipedia/bP.png
2026-01-31T15:53:13.468Z GET /img/chesspieces/wikipedia/wB.png
2026-01-31T15:53:13.469Z GET /img/chesspieces/wikipedia/bQ.png
2026-01-31T15:53:13.469Z GET /img/chesspieces/wikipedia/bQ.png
2026-01-31T15:53:13.469Z GET /img/chesspieces/wikipedia/bK.png
2026-01-31T15:53:13.469Z GET /img/chesspieces/wikipedia/bK.png
2026-01-31T15:53:13.469Z GET /img/chesspieces/wikipedia/bB.png
2026-01-31T15:53:13.470Z GET /img/chesspieces/wikipedia/bB.png
2026-01-31T15:53:13.494Z GET /img/chesspieces/wikipedia/wR.png
2026-01-31T15:53:13.494Z GET /img/chesspieces/wikipedia/wP.png
2026-01-31T15:53:13.494Z GET /img/chesspieces/wikipedia/wQ.png
2026-01-31T15:53:13.494Z GET /img/chesspieces/wikipedia/wN.png
2026-01-31T15:53:13.495Z GET /img/chesspieces/wikipedia/wK.png
2026-01-31T15:53:13.495Z GET /img/chesspieces/wikipedia/wR.png
2026-01-31T15:53:13.495Z GET /img/chesspieces/wikipedia/wP.png
2026-01-31T15:53:13.495Z GET /img/chesspieces/wikipedia/wQ.png
2026-01-31T15:53:13.495Z GET /img/chesspieces/wikipedia/wN.png
2026-01-31T15:53:13.495Z GET /img/chesspieces/wikipedia/wK.png
2026-01-31T15:53:15.291Z GET /leaderboard
2026-01-31T15:53:15.292Z GET /games
2026-01-31T15:53:15.402Z GET /img/chesspieces/wikipedia/bR.png
2026-01-31T15:53:15.402Z GET /img/chesspieces/wikipedia/bR.png
2026-01-31T15:53:15.407Z GET /img/chesspieces/wikipedia/wR.png
2026-01-31T15:53:15.408Z GET /img/chesspieces/wikipedia/bP.png
2026-01-31T15:53:15.408Z GET /img/chesspieces/wikipedia/bB.png
2026-01-31T15:53:15.408Z GET /img/chesspieces/wikipedia/wK.png
2026-01-31T15:53:15.408Z GET /img/chesspieces/wikipedia/wR.png
2026-01-31T15:53:15.408Z GET /img/chesspieces/wikipedia/bP.png
2026-01-31T15:53:15.408Z GET /img/chesspieces/wikipedia/bB.png
2026-01-31T15:53:15.408Z GET /img/chesspieces/wikipedia/wK.png
2026-01-31T15:53:15.409Z GET /img/chesspieces/wikipedia/bK.png
2026-01-31T15:53:15.409Z GET /img/chesspieces/wikipedia/bK.png
2026-01-31T15:53:15.449Z GET /img/chesspieces/wikipedia/wN.png
2026-01-31T15:53:15.449Z GET /img/chesspieces/wikipedia/bN.png
2026-01-31T15:53:15.449Z GET /img/chesspieces/wikipedia/wB.png
2026-01-31T15:53:15.449Z GET /img/chesspieces/wikipedia/wQ.png
2026-01-31T15:53:15.450Z GET /img/chesspieces/wikipedia/wP.png
2026-01-31T15:53:15.450Z GET /img/chesspieces/wikipedia/bQ.png
2026-01-31T15:53:15.450Z GET /img/chesspieces/wikipedia/wN.png
2026-01-31T15:53:15.450Z GET /img/chesspieces/wikipedia/bN.png
2026-01-31T15:53:15.450Z GET /img/chesspieces/wikipedia/wB.png
2026-01-31T15:53:15.450Z GET /img/chesspieces/wikipedia/wQ.png
2026-01-31T15:53:15.450Z GET /img/chesspieces/wikipedia/wP.png
2026-01-31T15:53:15.450Z GET /img/chesspieces/wikipedia/bQ.png
2026-01-31T15:53:17.243Z GET /leaderboard
2026-01-31T15:53:17.243Z GET /games
2026-01-31T15:53:17.357Z GET /img/chesspieces/wikipedia/bR.png
2026-01-31T15:53:17.357Z GET /img/chesspieces/wikipedia/bB.png
2026-01-31T15:53:17.358Z GET /img/chesspieces/wikipedia/bR.png
2026-01-31T15:53:17.358Z GET /img/chesspieces/wikipedia/bB.png
2026-01-31T15:53:17.365Z GET /img/chesspieces/wikipedia/bP.png
2026-01-31T15:53:17.365Z GET /img/chesspieces/wikipedia/bN.png
2026-01-31T15:53:17.365Z GET /img/chesspieces/wikipedia/wP.png
2026-01-31T15:53:17.366Z GET /img/chesspieces/wikipedia/bK.png
2026-01-31T15:53:17.366Z GET /img/chesspieces/wikipedia/bP.png
2026-01-31T15:53:17.366Z GET /img/chesspieces/wikipedia/bN.png
2026-01-31T15:53:17.366Z GET /img/chesspieces/wikipedia/wP.png
2026-01-31T15:53:17.366Z GET /img/chesspieces/wikipedia/bK.png
2026-01-31T15:53:17.368Z GET /img/chesspieces/wikipedia/wN.png
2026-01-31T15:53:17.368Z GET /img/chesspieces/wikipedia/wN.png
2026-01-31T15:53:17.373Z GET /img/chesspieces/wikipedia/bQ.png
2026-01-31T15:53:17.373Z GET /img/chesspieces/wikipedia/bQ.png
2026-01-31T15:53:17.399Z GET /img/chesspieces/wikipedia/wQ.png
2026-01-31T15:53:17.399Z GET /img/chesspieces/wikipedia/wR.png
2026-01-31T15:53:17.399Z GET /img/chesspieces/wikipedia/wK.png
2026-01-31T15:53:17.399Z GET /img/chesspieces/wikipedia/wB.png
2026-01-31T15:53:17.399Z GET /img/chesspieces/wikipedia/wQ.png
2026-01-31T15:53:17.399Z GET /img/chesspieces/wikipedia/wR.png
2026-01-31T15:53:17.399Z GET /img/chesspieces/wikipedia/wK.png
2026-01-31T15:53:17.400Z GET /img/chesspieces/wikipedia/wB.png
2026-01-31T15:53:19.243Z GET /leaderboard
2026-01-31T15:53:19.243Z GET /games
2026-01-31T15:53:19.358Z GET /img/chesspieces/wikipedia/bB.png
2026-01-31T15:53:19.359Z GET /img/chesspieces/wikipedia/bQ.png
2026-01-31T15:53:19.359Z GET /img/chesspieces/wikipedia/bN.png
2026-01-31T15:53:19.359Z GET /img/chesspieces/wikipedia/bB.png
2026-01-31T15:53:19.359Z GET /img/chesspieces/wikipedia/bQ.png
2026-01-31T15:53:19.359Z GET /img/chesspieces/wikipedia/bN.png
2026-01-31T15:53:19.363Z GET /img/chesspieces/wikipedia/wR.png
2026-01-31T15:53:19.363Z GET /img/chesspieces/wikipedia/wR.png
2026-01-31T15:53:19.436Z GET /img/chesspieces/wikipedia/wK.png
2026-01-31T15:53:19.436Z GET /img/chesspieces/wikipedia/bK.png
2026-01-31T15:53:19.436Z GET /img/chesspieces/wikipedia/bP.png
2026-01-31T15:53:19.436Z GET /img/chesspieces/wikipedia/wQ.png
2026-01-31T15:53:19.436Z GET /img/chesspieces/wikipedia/bR.png
2026-01-31T15:53:19.437Z GET /img/chesspieces/wikipedia/wN.png
2026-01-31T15:53:19.437Z GET /img/chesspieces/wikipedia/wB.png
2026-01-31T15:53:19.437Z GET /img/chesspieces/wikipedia/wK.png
2026-01-31T15:53:19.437Z GET /img/chesspieces/wikipedia/bK.png
2026-01-31T15:53:19.437Z GET /img/chesspieces/wikipedia/bP.png
2026-01-31T15:53:19.437Z GET /img/chesspieces/wikipedia/wQ.png
2026-01-31T15:53:19.437Z GET /img/chesspieces/wikipedia/bR.png
2026-01-31T15:53:19.437Z GET /img/chesspieces/wikipedia/wN.png
2026-01-31T15:53:19.437Z GET /img/chesspieces/wikipedia/wB.png
2026-01-31T15:53:19.439Z GET /img/chesspieces/wikipedia/wP.png
2026-01-31T15:53:19.439Z GET /img/chesspieces/wikipedia/wP.png
2026-01-31T15:53:21.333Z GET /leaderboard
2026-01-31T15:53:21.335Z GET /games
2026-01-31T15:53:21.434Z GET /img/chesspieces/wikipedia/bN.png
2026-01-31T15:53:21.435Z GET /img/chesspieces/wikipedia/bR.png
2026-01-31T15:53:21.435Z GET /img/chesspieces/wikipedia/bN.png
2026-01-31T15:53:21.435Z GET /img/chesspieces/wikipedia/bR.png
2026-01-31T15:53:21.465Z GET /img/chesspieces/wikipedia/bK.png
2026-01-31T15:53:21.465Z GET /img/chesspieces/wikipedia/bP.png
2026-01-31T15:53:21.466Z GET /img/chesspieces/wikipedia/bQ.png
2026-01-31T15:53:21.466Z GET /img/chesspieces/wikipedia/wR.png
2026-01-31T15:53:21.466Z GET /img/chesspieces/wikipedia/bK.png
2026-01-31T15:53:21.466Z GET /img/chesspieces/wikipedia/bP.png
2026-01-31T15:53:21.466Z GET /img/chesspieces/wikipedia/bQ.png
2026-01-31T15:53:21.466Z GET /img/chesspieces/wikipedia/wR.png
2026-01-31T15:53:21.475Z GET /img/chesspieces/wikipedia/bB.png
2026-01-31T15:53:21.476Z GET /img/chesspieces/wikipedia/bB.png
2026-01-31T15:53:21.495Z GET /img/chesspieces/wikipedia/wP.png
2026-01-31T15:53:21.495Z GET /img/chesspieces/wikipedia/wQ.png
2026-01-31T15:53:21.495Z GET /img/chesspieces/wikipedia/wK.png
2026-01-31T15:53:21.495Z GET /img/chesspieces/wikipedia/wN.png
2026-01-31T15:53:21.496Z GET /img/chesspieces/wikipedia/wB.png
2026-01-31T15:53:21.496Z GET /img/chesspieces/wikipedia/wP.png
2026-01-31T15:53:21.496Z GET /img/chesspieces/wikipedia/wQ.png
2026-01-31T15:53:21.496Z GET /img/chesspieces/wikipedia/wK.png
2026-01-31T15:53:21.496Z GET /img/chesspieces/wikipedia/wN.png
2026-01-31T15:53:21.496Z GET /img/chesspieces/wikipedia/wB.png
2026-01-31T15:53:23.278Z GET /games
2026-01-31T15:53:23.279Z GET /leaderboard
2026-01-31T15:53:23.376Z GET /img/chesspieces/wikipedia/bR.png
2026-01-31T15:53:23.376Z GET /img/chesspieces/wikipedia/bN.png
2026-01-31T15:53:23.377Z GET /img/chesspieces/wikipedia/bR.png
2026-01-31T15:53:23.377Z GET /img/chesspieces/wikipedia/bN.png
2026-01-31T15:53:23.391Z GET /img/chesspieces/wikipedia/bQ.png
2026-01-31T15:53:23.391Z GET /img/chesspieces/wikipedia/bQ.png
2026-01-31T15:53:23.395Z GET /img/chesspieces/wikipedia/bP.png
2026-01-31T15:53:23.396Z GET /img/chesspieces/wikipedia/wB.png
2026-01-31T15:53:23.396Z GET /img/chesspieces/wikipedia/wK.png
2026-01-31T15:53:23.396Z GET /img/chesspieces/wikipedia/bK.png
2026-01-31T15:53:23.396Z GET /img/chesspieces/wikipedia/bP.png
2026-01-31T15:53:23.396Z GET /img/chesspieces/wikipedia/wB.png
2026-01-31T15:53:23.396Z GET /img/chesspieces/wikipedia/wK.png
2026-01-31T15:53:23.396Z GET /img/chesspieces/wikipedia/bK.png
2026-01-31T15:53:23.414Z GET /img/chesspieces/wikipedia/wN.png
2026-01-31T15:53:23.414Z GET /img/chesspieces/wikipedia/wN.png
2026-01-31T15:53:23.417Z GET /img/chesspieces/wikipedia/bB.png
2026-01-31T15:53:23.418Z GET /img/chesspieces/wikipedia/wP.png
2026-01-31T15:53:23.418Z GET /img/chesspieces/wikipedia/wQ.png
2026-01-31T15:53:23.418Z GET /img/chesspieces/wikipedia/wR.png
2026-01-31T15:53:23.418Z GET /img/chesspieces/wikipedia/bB.png
2026-01-31T15:53:23.418Z GET /img/chesspieces/wikipedia/wP.png
2026-01-31T15:53:23.418Z GET /img/chesspieces/wikipedia/wQ.png
2026-01-31T15:53:23.418Z GET /img/chesspieces/wikipedia/wR.png
2026-01-31T15:53:25.327Z GET /leaderboard
2026-01-31T15:53:25.327Z GET /games
2026-01-31T15:53:25.440Z GET /img/chesspieces/wikipedia/bR.png
2026-01-31T15:53:25.440Z GET /img/chesspieces/wikipedia/bR.png
2026-01-31T15:53:25.445Z GET /img/chesspieces/wikipedia/bN.png
2026-01-31T15:53:25.445Z GET /img/chesspieces/wikipedia/bB.png
2026-01-31T15:53:25.445Z GET /img/chesspieces/wikipedia/bQ.png
2026-01-31T15:53:25.445Z GET /img/chesspieces/wikipedia/wR.png
2026-01-31T15:53:25.445Z GET /img/chesspieces/wikipedia/bN.png
2026-01-31T15:53:25.445Z GET /img/chesspieces/wikipedia/bB.png
2026-01-31T15:53:25.445Z GET /img/chesspieces/wikipedia/bQ.png
2026-01-31T15:53:25.445Z GET /img/chesspieces/wikipedia/wR.png
2026-01-31T15:53:25.446Z GET /img/chesspieces/wikipedia/wK.png
2026-01-31T15:53:25.447Z GET /img/chesspieces/wikipedia/wK.png
2026-01-31T15:53:25.447Z GET /img/chesspieces/wikipedia/bK.png
2026-01-31T15:53:25.447Z GET /img/chesspieces/wikipedia/bK.png
2026-01-31T15:53:25.447Z GET /img/chesspieces/wikipedia/wB.png
2026-01-31T15:53:25.447Z GET /img/chesspieces/wikipedia/wB.png
2026-01-31T15:53:25.447Z GET /img/chesspieces/wikipedia/bP.png
2026-01-31T15:53:25.447Z GET /img/chesspieces/wikipedia/bP.png
2026-01-31T15:53:25.471Z GET /img/chesspieces/wikipedia/wN.png
2026-01-31T15:53:25.472Z GET /img/chesspieces/wikipedia/wN.png
2026-01-31T15:53:25.483Z GET /img/chesspieces/wikipedia/wQ.png
2026-01-31T15:53:25.483Z GET /img/chesspieces/wikipedia/wP.png
2026-01-31T15:53:25.483Z GET /img/chesspieces/wikipedia/wQ.png
2026-01-31T15:53:25.483Z GET /img/chesspieces/wikipedia/wP.png
2026-01-31T15:53:27.273Z GET /leaderboard
2026-01-31T15:53:27.273Z GET /games
2026-01-31T15:53:27.430Z GET /img/chesspieces/wikipedia/bB.png
2026-01-31T15:53:27.430Z GET /img/chesspieces/wikipedia/bN.png
2026-01-31T15:53:27.430Z GET /img/chesspieces/wikipedia/bQ.png
2026-01-31T15:53:27.430Z GET /img/chesspieces/wikipedia/wP.png
2026-01-31T15:53:27.431Z GET /img/chesspieces/wikipedia/bB.png
2026-01-31T15:53:27.431Z GET /img/chesspieces/wikipedia/bN.png
2026-01-31T15:53:27.431Z GET /img/chesspieces/wikipedia/bQ.png
2026-01-31T15:53:27.431Z GET /img/chesspieces/wikipedia/wP.png
2026-01-31T15:53:27.432Z GET /img/chesspieces/wikipedia/bP.png
2026-01-31T15:53:27.432Z GET /img/chesspieces/wikipedia/wN.png
2026-01-31T15:53:27.432Z GET /img/chesspieces/wikipedia/bP.png
2026-01-31T15:53:27.432Z GET /img/chesspieces/wikipedia/wN.png
2026-01-31T15:53:27.461Z GET /img/chesspieces/wikipedia/wB.png
2026-01-31T15:53:27.461Z GET /img/chesspieces/wikipedia/wQ.png
2026-01-31T15:53:27.461Z GET /img/chesspieces/wikipedia/bR.png
2026-01-31T15:53:27.461Z GET /img/chesspieces/wikipedia/bK.png
2026-01-31T15:53:27.461Z GET /img/chesspieces/wikipedia/wK.png
2026-01-31T15:53:27.462Z GET /img/chesspieces/wikipedia/wR.png
2026-01-31T15:53:27.462Z GET /img/chesspieces/wikipedia/wB.png
2026-01-31T15:53:27.462Z GET /img/chesspieces/wikipedia/wQ.png
2026-01-31T15:53:27.462Z GET /img/chesspieces/wikipedia/bR.png
2026-01-31T15:53:27.462Z GET /img/chesspieces/wikipedia/bK.png
2026-01-31T15:53:27.462Z GET /img/chesspieces/wikipedia/wK.png
2026-01-31T15:53:27.462Z GET /img/chesspieces/wikipedia/wR.png
2026-01-31T15:53:29.237Z GET /leaderboard
2026-01-31T15:53:29.238Z GET /games
2026-01-31T15:53:29.335Z GET /img/chesspieces/wikipedia/bN.png
2026-01-31T15:53:29.335Z GET /img/chesspieces/wikipedia/bR.png
2026-01-31T15:53:29.335Z GET /img/chesspieces/wikipedia/bN.png
2026-01-31T15:53:29.335Z GET /img/chesspieces/wikipedia/bR.png
2026-01-31T15:53:29.341Z GET /img/chesspieces/wikipedia/bB.png
2026-01-31T15:53:29.342Z GET /img/chesspieces/wikipedia/bQ.png
2026-01-31T15:53:29.342Z GET /img/chesspieces/wikipedia/bP.png
2026-01-31T15:53:29.342Z GET /img/chesspieces/wikipedia/wR.png
2026-01-31T15:53:29.342Z GET /img/chesspieces/wikipedia/wP.png
2026-01-31T15:53:29.342Z GET /img/chesspieces/wikipedia/bB.png
2026-01-31T15:53:29.342Z GET /img/chesspieces/wikipedia/bQ.png
2026-01-31T15:53:29.343Z GET /img/chesspieces/wikipedia/bP.png
2026-01-31T15:53:29.343Z GET /img/chesspieces/wikipedia/wR.png
2026-01-31T15:53:29.343Z GET /img/chesspieces/wikipedia/wP.png
2026-01-31T15:53:29.345Z GET /img/chesspieces/wikipedia/wN.png
2026-01-31T15:53:29.345Z GET /img/chesspieces/wikipedia/wN.png
2026-01-31T15:53:29.392Z GET /img/chesspieces/wikipedia/wQ.png
2026-01-31T15:53:29.392Z GET /img/chesspieces/wikipedia/wK.png
2026-01-31T15:53:29.392Z GET /img/chesspieces/wikipedia/wB.png
2026-01-31T15:53:29.392Z GET /img/chesspieces/wikipedia/bK.png
2026-01-31T15:53:29.392Z GET /img/chesspieces/wikipedia/wQ.png
2026-01-31T15:53:29.393Z GET /img/chesspieces/wikipedia/wK.png
2026-01-31T15:53:29.393Z GET /img/chesspieces/wikipedia/wB.png
2026-01-31T15:53:29.393Z GET /img/chesspieces/wikipedia/bK.png
2026-01-31T15:53:31.266Z GET /leaderboard
2026-01-31T15:53:31.266Z GET /games
2026-01-31T15:53:31.372Z GET /img/chesspieces/wikipedia/bN.png
2026-01-31T15:53:31.372Z GET /img/chesspieces/wikipedia/bN.png
2026-01-31T15:53:31.385Z GET /img/chesspieces/wikipedia/bK.png
2026-01-31T15:53:31.386Z GET /img/chesspieces/wikipedia/bQ.png
2026-01-31T15:53:31.386Z GET /img/chesspieces/wikipedia/wP.png
2026-01-31T15:53:31.386Z GET /img/chesspieces/wikipedia/wN.png
2026-01-31T15:53:31.386Z GET /img/chesspieces/wikipedia/wB.png
2026-01-31T15:53:31.386Z GET /img/chesspieces/wikipedia/bK.png
2026-01-31T15:53:31.387Z GET /img/chesspieces/wikipedia/bQ.png
2026-01-31T15:53:31.387Z GET /img/chesspieces/wikipedia/wP.png
2026-01-31T15:53:31.387Z GET /img/chesspieces/wikipedia/wN.png
2026-01-31T15:53:31.387Z GET /img/chesspieces/wikipedia/wB.png
2026-01-31T15:53:31.418Z GET /img/chesspieces/wikipedia/wK.png
2026-01-31T15:53:31.419Z GET /img/chesspieces/wikipedia/bB.png
2026-01-31T15:53:31.419Z GET /img/chesspieces/wikipedia/bR.png
2026-01-31T15:53:31.419Z GET /img/chesspieces/wikipedia/wQ.png
2026-01-31T15:53:31.419Z GET /img/chesspieces/wikipedia/wR.png
2026-01-31T15:53:31.419Z GET /img/chesspieces/wikipedia/bP.png
2026-01-31T15:53:31.419Z GET /img/chesspieces/wikipedia/wK.png
2026-01-31T15:53:31.419Z GET /img/chesspieces/wikipedia/bB.png
2026-01-31T15:53:31.419Z GET /img/chesspieces/wikipedia/bR.png
2026-01-31T15:53:31.419Z GET /img/chesspieces/wikipedia/wQ.png
2026-01-31T15:53:31.419Z GET /img/chesspieces/wikipedia/wR.png
2026-01-31T15:53:31.419Z GET /img/chesspieces/wikipedia/bP.png
2026-01-31T15:53:33.314Z GET /games
2026-01-31T15:53:33.314Z GET /leaderboard
2026-01-31T15:53:33.416Z GET /img/chesspieces/wikipedia/bR.png
2026-01-31T15:53:33.417Z GET /img/chesspieces/wikipedia/bN.png
2026-01-31T15:53:33.417Z GET /img/chesspieces/wikipedia/bB.png
2026-01-31T15:53:33.417Z GET /img/chesspieces/wikipedia/bK.png
2026-01-31T15:53:33.417Z GET /img/chesspieces/wikipedia/bQ.png
2026-01-31T15:53:33.418Z GET /img/chesspieces/wikipedia/bR.png
2026-01-31T15:53:33.418Z GET /img/chesspieces/wikipedia/bN.png
2026-01-31T15:53:33.418Z GET /img/chesspieces/wikipedia/bB.png
2026-01-31T15:53:33.418Z GET /img/chesspieces/wikipedia/bK.png
2026-01-31T15:53:33.418Z GET /img/chesspieces/wikipedia/bQ.png
2026-01-31T15:53:33.454Z GET /img/chesspieces/wikipedia/bP.png
2026-01-31T15:53:33.455Z GET /img/chesspieces/wikipedia/wR.png
2026-01-31T15:53:33.455Z GET /img/chesspieces/wikipedia/wN.png
2026-01-31T15:53:33.455Z GET /img/chesspieces/wikipedia/wP.png
2026-01-31T15:53:33.455Z GET /img/chesspieces/wikipedia/bP.png
2026-01-31T15:53:33.455Z GET /img/chesspieces/wikipedia/wR.png
2026-01-31T15:53:33.455Z GET /img/chesspieces/wikipedia/wN.png
2026-01-31T15:53:33.455Z GET /img/chesspieces/wikipedia/wP.png
2026-01-31T15:53:33.470Z GET /img/chesspieces/wikipedia/wB.png
2026-01-31T15:53:33.470Z GET /img/chesspieces/wikipedia/wK.png
2026-01-31T15:53:33.470Z GET /img/chesspieces/wikipedia/wQ.png
2026-01-31T15:53:33.470Z GET /img/chesspieces/wikipedia/wB.png
2026-01-31T15:53:33.470Z GET /img/chesspieces/wikipedia/wK.png
2026-01-31T15:53:33.470Z GET /img/chesspieces/wikipedia/wQ.png
2026-01-31T15:53:35.234Z GET /games
2026-01-31T15:53:35.258Z GET /leaderboard
2026-01-31T15:53:35.356Z GET /img/chesspieces/wikipedia/bN.png
2026-01-31T15:53:35.356Z GET /img/chesspieces/wikipedia/bR.png
2026-01-31T15:53:35.356Z GET /img/chesspieces/wikipedia/bB.png
2026-01-31T15:53:35.356Z GET /img/chesspieces/wikipedia/bN.png
2026-01-31T15:53:35.356Z GET /img/chesspieces/wikipedia/bR.png
2026-01-31T15:53:35.357Z GET /img/chesspieces/wikipedia/bB.png
2026-01-31T15:53:35.361Z GET /img/chesspieces/wikipedia/bK.png
2026-01-31T15:53:35.361Z GET /img/chesspieces/wikipedia/bP.png
2026-01-31T15:53:35.361Z GET /img/chesspieces/wikipedia/wN.png
2026-01-31T15:53:35.362Z GET /img/chesspieces/wikipedia/bQ.png
2026-01-31T15:53:35.362Z GET /img/chesspieces/wikipedia/bK.png
2026-01-31T15:53:35.362Z GET /img/chesspieces/wikipedia/bP.png
2026-01-31T15:53:35.362Z GET /img/chesspieces/wikipedia/wN.png
2026-01-31T15:53:35.362Z GET /img/chesspieces/wikipedia/bQ.png
2026-01-31T15:53:35.403Z GET /img/chesspieces/wikipedia/wQ.png
2026-01-31T15:53:35.403Z GET /img/chesspieces/wikipedia/wK.png
2026-01-31T15:53:35.403Z GET /img/chesspieces/wikipedia/wB.png
2026-01-31T15:53:35.404Z GET /img/chesspieces/wikipedia/wP.png
2026-01-31T15:53:35.404Z GET /img/chesspieces/wikipedia/wR.png
2026-01-31T15:53:35.404Z GET /img/chesspieces/wikipedia/wQ.png
2026-01-31T15:53:35.404Z GET /img/chesspieces/wikipedia/wK.png
2026-01-31T15:53:35.404Z GET /img/chesspieces/wikipedia/wB.png
2026-01-31T15:53:35.404Z GET /img/chesspieces/wikipedia/wP.png
2026-01-31T15:53:35.404Z GET /img/chesspieces/wikipedia/wR.png
2026-01-31T15:53:37.240Z GET /games
2026-01-31T15:53:37.240Z GET /leaderboard
2026-01-31T15:53:37.349Z GET /img/chesspieces/wikipedia/bR.png
2026-01-31T15:53:37.350Z GET /img/chesspieces/wikipedia/bB.png
2026-01-31T15:53:37.350Z GET /img/chesspieces/wikipedia/bR.png
2026-01-31T15:53:37.350Z GET /img/chesspieces/wikipedia/bB.png
2026-01-31T15:53:37.356Z GET /img/chesspieces/wikipedia/bN.png
2026-01-31T15:53:37.357Z GET /img/chesspieces/wikipedia/bN.png
2026-01-31T15:53:37.364Z GET /img/chesspieces/wikipedia/wN.png
2026-01-31T15:53:37.364Z GET /img/chesspieces/wikipedia/wQ.png
2026-01-31T15:53:37.364Z GET /img/chesspieces/wikipedia/wN.png
2026-01-31T15:53:37.364Z GET /img/chesspieces/wikipedia/wQ.png
2026-01-31T15:53:37.370Z GET /img/chesspieces/wikipedia/bP.png
2026-01-31T15:53:37.370Z GET /img/chesspieces/wikipedia/wP.png
2026-01-31T15:53:37.370Z GET /img/chesspieces/wikipedia/wK.png
2026-01-31T15:53:37.370Z GET /img/chesspieces/wikipedia/bP.png
2026-01-31T15:53:37.370Z GET /img/chesspieces/wikipedia/wP.png
2026-01-31T15:53:37.370Z GET /img/chesspieces/wikipedia/wK.png
2026-01-31T15:53:37.381Z GET /img/chesspieces/wikipedia/bK.png
2026-01-31T15:53:37.382Z GET /img/chesspieces/wikipedia/bQ.png
2026-01-31T15:53:37.382Z GET /img/chesspieces/wikipedia/wB.png
2026-01-31T15:53:37.382Z GET /img/chesspieces/wikipedia/bK.png
2026-01-31T15:53:37.382Z GET /img/chesspieces/wikipedia/bQ.png
2026-01-31T15:53:37.382Z GET /img/chesspieces/wikipedia/wB.png
2026-01-31T15:53:37.408Z GET /img/chesspieces/wikipedia/wR.png
2026-01-31T15:53:37.408Z GET /img/chesspieces/wikipedia/wR.png
2026-01-31T15:53:39.236Z GET /leaderboard
2026-01-31T15:53:39.236Z GET /games
2026-01-31T15:53:39.361Z GET /img/chesspieces/wikipedia/bN.png
2026-01-31T15:53:39.362Z GET /img/chesspieces/wikipedia/bB.png
2026-01-31T15:53:39.362Z GET /img/chesspieces/wikipedia/bR.png
2026-01-31T15:53:39.362Z GET /img/chesspieces/wikipedia/bN.png
2026-01-31T15:53:39.362Z GET /img/chesspieces/wikipedia/bB.png
2026-01-31T15:53:39.363Z GET /img/chesspieces/wikipedia/bR.png
2026-01-31T15:53:39.369Z GET /img/chesspieces/wikipedia/bQ.png
2026-01-31T15:53:39.369Z GET /img/chesspieces/wikipedia/wP.png
2026-01-31T15:53:39.369Z GET /img/chesspieces/wikipedia/bK.png
2026-01-31T15:53:39.369Z GET /img/chesspieces/wikipedia/wN.png
2026-01-31T15:53:39.370Z GET /img/chesspieces/wikipedia/bQ.png
2026-01-31T15:53:39.370Z GET /img/chesspieces/wikipedia/wP.png
2026-01-31T15:53:39.370Z GET /img/chesspieces/wikipedia/bK.png
2026-01-31T15:53:39.370Z GET /img/chesspieces/wikipedia/wN.png
2026-01-31T15:53:39.399Z GET /img/chesspieces/wikipedia/wQ.png
2026-01-31T15:53:39.399Z GET /img/chesspieces/wikipedia/wB.png
2026-01-31T15:53:39.399Z GET /img/chesspieces/wikipedia/bP.png
2026-01-31T15:53:39.400Z GET /img/chesspieces/wikipedia/wK.png
2026-01-31T15:53:39.400Z GET /img/chesspieces/wikipedia/wR.png
2026-01-31T15:53:39.400Z GET /img/chesspieces/wikipedia/wQ.png
2026-01-31T15:53:39.400Z GET /img/chesspieces/wikipedia/wB.png
2026-01-31T15:53:39.400Z GET /img/chesspieces/wikipedia/bP.png
2026-01-31T15:53:39.400Z GET /img/chesspieces/wikipedia/wK.png
2026-01-31T15:53:39.401Z GET /img/chesspieces/wikipedia/wR.png
2026-01-31T15:53:41.240Z GET /leaderboard
2026-01-31T15:53:41.240Z GET /games
2026-01-31T15:53:41.328Z GET /img/chesspieces/wikipedia/bR.png
2026-01-31T15:53:41.328Z GET /img/chesspieces/wikipedia/bR.png
2026-01-31T15:53:41.365Z GET /img/chesspieces/wikipedia/bQ.png
2026-01-31T15:53:41.366Z GET /img/chesspieces/wikipedia/bP.png
2026-01-31T15:53:41.366Z GET /img/chesspieces/wikipedia/bK.png
2026-01-31T15:53:41.366Z GET /img/chesspieces/wikipedia/bQ.png
2026-01-31T15:53:41.366Z GET /img/chesspieces/wikipedia/bP.png
2026-01-31T15:53:41.366Z GET /img/chesspieces/wikipedia/bK.png
2026-01-31T15:53:41.372Z GET /img/chesspieces/wikipedia/wP.png
2026-01-31T15:53:41.372Z GET /img/chesspieces/wikipedia/wR.png
2026-01-31T15:53:41.373Z GET /img/chesspieces/wikipedia/wP.png
2026-01-31T15:53:41.373Z GET /img/chesspieces/wikipedia/wR.png
2026-01-31T15:53:41.396Z GET /img/chesspieces/wikipedia/bN.png
2026-01-31T15:53:41.396Z GET /img/chesspieces/wikipedia/bN.png
2026-01-31T15:53:41.401Z GET /img/chesspieces/wikipedia/wK.png
2026-01-31T15:53:41.402Z GET /img/chesspieces/wikipedia/bB.png
2026-01-31T15:53:41.402Z GET /img/chesspieces/wikipedia/wB.png
2026-01-31T15:53:41.402Z GET /img/chesspieces/wikipedia/wQ.png
2026-01-31T15:53:41.402Z GET /img/chesspieces/wikipedia/wN.png
2026-01-31T15:53:41.402Z GET /img/chesspieces/wikipedia/wK.png
2026-01-31T15:53:41.402Z GET /img/chesspieces/wikipedia/bB.png
2026-01-31T15:53:41.402Z GET /img/chesspieces/wikipedia/wB.png
2026-01-31T15:53:41.402Z GET /img/chesspieces/wikipedia/wQ.png
2026-01-31T15:53:41.402Z GET /img/chesspieces/wikipedia/wN.png
2026-01-31T15:53:43.349Z GET /games
2026-01-31T15:53:43.350Z GET /leaderboard
2026-01-31T15:53:43.433Z GET /img/chesspieces/wikipedia/bR.png
2026-01-31T15:53:43.434Z GET /img/chesspieces/wikipedia/bR.png
2026-01-31T15:53:43.439Z GET /img/chesspieces/wikipedia/bB.png
2026-01-31T15:53:43.439Z GET /img/chesspieces/wikipedia/bN.png
2026-01-31T15:53:43.440Z GET /img/chesspieces/wikipedia/bB.png
2026-01-31T15:53:43.440Z GET /img/chesspieces/wikipedia/bN.png
2026-01-31T15:53:43.446Z GET /img/chesspieces/wikipedia/bK.png
2026-01-31T15:53:43.446Z GET /img/chesspieces/wikipedia/wR.png
2026-01-31T15:53:43.446Z GET /img/chesspieces/wikipedia/wP.png
2026-01-31T15:53:43.447Z GET /img/chesspieces/wikipedia/bQ.png
2026-01-31T15:53:43.447Z GET /img/chesspieces/wikipedia/bK.png
2026-01-31T15:53:43.447Z GET /img/chesspieces/wikipedia/wR.png
2026-01-31T15:53:43.447Z GET /img/chesspieces/wikipedia/wP.png
2026-01-31T15:53:43.447Z GET /img/chesspieces/wikipedia/bQ.png
2026-01-31T15:53:43.472Z GET /img/chesspieces/wikipedia/wQ.png
2026-01-31T15:53:43.472Z GET /img/chesspieces/wikipedia/wQ.png
2026-01-31T15:53:43.495Z GET /img/chesspieces/wikipedia/bP.png
2026-01-31T15:53:43.495Z GET /img/chesspieces/wikipedia/wK.png
2026-01-31T15:53:43.496Z GET /img/chesspieces/wikipedia/wB.png
2026-01-31T15:53:43.496Z GET /img/chesspieces/wikipedia/wN.png
2026-01-31T15:53:43.496Z GET /img/chesspieces/wikipedia/bP.png
2026-01-31T15:53:43.496Z GET /img/chesspieces/wikipedia/wK.png
2026-01-31T15:53:43.496Z GET /img/chesspieces/wikipedia/wB.png
2026-01-31T15:53:43.496Z GET /img/chesspieces/wikipedia/wN.png
2026-01-31T15:53:45.294Z GET /games
2026-01-31T15:53:45.295Z GET /leaderboard
2026-01-31T15:53:45.364Z GET /
2026-01-31T15:53:45.419Z GET /img/chesspieces/wikipedia/bR.png
2026-01-31T15:53:45.419Z GET /img/chesspieces/wikipedia/bR.png
2026-01-31T15:53:45.426Z GET /img/chesspieces/wikipedia/bN.png
2026-01-31T15:53:45.426Z GET /img/chesspieces/wikipedia/bB.png
2026-01-31T15:53:45.426Z GET /img/chesspieces/wikipedia/bN.png
2026-01-31T15:53:45.426Z GET /img/chesspieces/wikipedia/bB.png
2026-01-31T15:53:45.431Z GET /img/chesspieces/wikipedia/bP.png
2026-01-31T15:53:45.431Z GET /img/chesspieces/wikipedia/wP.png
2026-01-31T15:53:45.431Z GET /img/chesspieces/wikipedia/bQ.png
2026-01-31T15:53:45.432Z GET /img/chesspieces/wikipedia/bP.png
2026-01-31T15:53:45.432Z GET /img/chesspieces/wikipedia/wP.png
2026-01-31T15:53:45.432Z GET /img/chesspieces/wikipedia/bQ.png
2026-01-31T15:53:45.468Z GET /img/chesspieces/wikipedia/bK.png
2026-01-31T15:53:45.468Z GET /img/chesspieces/wikipedia/wR.png
2026-01-31T15:53:45.468Z GET /img/chesspieces/wikipedia/bK.png
2026-01-31T15:53:45.468Z GET /img/chesspieces/wikipedia/wR.png
2026-01-31T15:53:45.493Z GET /app.js
2026-01-31T15:53:45.493Z GET /styles.css
2026-01-31T15:53:45.655Z GET /games
2026-01-31T15:53:45.672Z GET /leaderboard
2026-01-31T15:53:45.762Z GET /games
2026-01-31T15:53:47.753Z GET /leaderboard
2026-01-31T15:53:47.753Z GET /games
2026-01-31T15:53:49.672Z GET /leaderboard
2026-01-31T15:53:49.672Z GET /games
2026-01-31T15:53:51.734Z GET /leaderboard
2026-01-31T15:53:51.734Z GET /games
2026-01-31T15:53:53.692Z GET /games
2026-01-31T15:53:53.693Z GET /leaderboard
2026-01-31T15:53:55.685Z GET /leaderboard
2026-01-31T15:53:55.685Z GET /games
2026-01-31T15:53:57.789Z GET /leaderboard
2026-01-31T15:53:57.789Z GET /games
2026-01-31T15:53:58.326Z POST /api/games/chess/play
2026-01-31T15:53:59.501Z POST /api/games/chess/play
2026-01-31T15:53:59.736Z GET /games
2026-01-31T15:53:59.740Z GET /leaderboard
2026-01-31T15:54:01.677Z GET /games
2026-01-31T15:54:01.678Z GET /leaderboard
2026-01-31T15:54:03.686Z GET /games
2026-01-31T15:54:03.686Z GET /leaderboard
2026-01-31T15:54:05.654Z GET /leaderboard
2026-01-31T15:54:05.655Z GET /games
2026-01-31T15:54:07.721Z GET /leaderboard
2026-01-31T15:54:07.722Z GET /games
2026-01-31T15:54:09.667Z GET /games
2026-01-31T15:54:09.668Z GET /leaderboard
2026-01-31T15:54:11.656Z GET /leaderboard
2026-01-31T15:54:11.657Z GET /games
2026-01-31T15:54:13.761Z GET /games
2026-01-31T15:54:13.762Z GET /leaderboard
2026-01-31T15:54:15.707Z GET /leaderboard
2026-01-31T15:54:15.708Z GET /games
2026-01-31T15:54:17.664Z GET /games
2026-01-31T15:54:17.680Z GET /leaderboard
2026-01-31T15:54:19.703Z GET /leaderboard
2026-01-31T15:54:19.703Z GET /games
2026-01-31T15:54:21.751Z GET /games
2026-01-31T15:54:21.751Z GET /leaderboard
2026-01-31T15:54:23.695Z GET /leaderboard
2026-01-31T15:54:23.696Z GET /games
2026-01-31T15:54:25.743Z GET /games
2026-01-31T15:54:25.743Z GET /leaderboard
2026-01-31T15:54:27.656Z GET /leaderboard
2026-01-31T15:54:27.657Z GET /games
2026-01-31T15:54:29.654Z GET /leaderboard
2026-01-31T15:54:29.661Z GET /games
2026-01-31T15:54:31.773Z GET /leaderboard
2026-01-31T15:54:31.774Z GET /games
2026-01-31T15:54:33.662Z GET /games
2026-01-31T15:54:33.662Z GET /leaderboard
2026-01-31T15:54:35.772Z GET /games
2026-01-31T15:54:35.772Z GET /leaderboard
2026-01-31T15:54:37.665Z GET /games
2026-01-31T15:54:37.666Z GET /leaderboard
2026-01-31T15:54:39.654Z GET /leaderboard
2026-01-31T15:54:39.654Z GET /games
2026-01-31T15:54:41.232Z POST /api/games/chess/play
2026-01-31T15:54:41.692Z GET /leaderboard
2026-01-31T15:54:41.693Z GET /games
2026-01-31T15:54:42.402Z POST /api/games/chess/play
2026-01-31T15:54:43.734Z GET /games
2026-01-31T15:54:43.734Z GET /leaderboard
2026-01-31T15:54:45.656Z GET /leaderboard
2026-01-31T15:54:45.656Z GET /games
2026-01-31T15:54:47.760Z GET /leaderboard
2026-01-31T15:54:47.760Z GET /games
2026-01-31T15:54:49.665Z GET /leaderboard
2026-01-31T15:54:49.669Z GET /games
2026-01-31T15:54:51.753Z GET /games
2026-01-31T15:54:51.753Z GET /leaderboard
2026-01-31T15:54:53.697Z GET /leaderboard
2026-01-31T15:54:53.698Z GET /games
2026-01-31T15:54:55.662Z GET /games
2026-01-31T15:54:55.669Z GET /leaderboard
2026-01-31T15:54:57.691Z GET /leaderboard
2026-01-31T15:54:57.692Z GET /games
2026-01-31T15:54:59.740Z GET /games
2026-01-31T15:54:59.740Z GET /leaderboard
2026-01-31T15:55:01.686Z GET /games
2026-01-31T15:55:01.687Z GET /leaderboard
2026-01-31T15:55:03.753Z GET /games
2026-01-31T15:55:03.754Z GET /leaderboard
2026-01-31T15:55:05.783Z GET /leaderboard
2026-01-31T15:55:05.783Z GET /games
2026-01-31T15:55:07.728Z GET /games
2026-01-31T15:55:07.728Z GET /leaderboard
2026-01-31T15:55:09.672Z GET /games
2026-01-31T15:55:09.675Z GET /leaderboard
2026-01-31T15:55:11.722Z GET /games
2026-01-31T15:55:11.722Z GET /leaderboard
2026-01-31T15:55:13.665Z GET /leaderboard
2026-01-31T15:55:13.666Z GET /games
2026-01-31T15:55:15.714Z GET /leaderboard
2026-01-31T15:55:15.715Z GET /games
2026-01-31T15:55:17.656Z GET /games
2026-01-31T15:55:17.664Z GET /leaderboard
2026-01-31T15:55:19.708Z GET /games
2026-01-31T15:55:19.708Z GET /leaderboard
2026-01-31T15:55:21.756Z GET /games
2026-01-31T15:55:21.756Z GET /leaderboard
2026-01-31T15:55:23.702Z GET /games
2026-01-31T15:55:23.702Z GET /leaderboard
2026-01-31T15:55:25.749Z GET /games
2026-01-31T15:55:25.749Z GET /leaderboard
2026-01-31T15:55:27.695Z GET /games
2026-01-31T15:55:27.695Z GET /leaderboard
2026-01-31T15:55:29.742Z GET /leaderboard
2026-01-31T15:55:29.743Z GET /games
2026-01-31T15:55:31.672Z GET /leaderboard
2026-01-31T15:55:31.673Z GET /games
2026-01-31T15:55:33.659Z GET /leaderboard
2026-01-31T15:55:33.670Z GET /games
2026-01-31T15:55:35.644Z GET /games
2026-01-31T15:55:35.655Z GET /leaderboard
2026-01-31T15:55:37.657Z GET /leaderboard
2026-01-31T15:55:37.662Z GET /games
2026-01-31T15:55:38.078Z POST /api/games/chess/play
2026-01-31T15:55:39.249Z POST /api/games/chess/play
2026-01-31T15:55:39.667Z GET /games
2026-01-31T15:55:39.668Z GET /leaderboard
2026-01-31T15:55:41.655Z GET /games
2026-01-31T15:55:41.662Z GET /leaderboard
2026-01-31T15:55:43.669Z GET /games
2026-01-31T15:55:43.670Z GET /leaderboard
2026-01-31T15:55:45.653Z GET /games
2026-01-31T15:55:45.660Z GET /leaderboard
2026-01-31T15:55:47.655Z GET /games
2026-01-31T15:55:47.656Z GET /leaderboard
2026-01-31T15:55:49.707Z GET /games
2026-01-31T15:55:49.708Z GET /leaderboard
2026-01-31T15:55:51.761Z GET /leaderboard
2026-01-31T15:55:51.761Z GET /games
2026-01-31T15:55:53.704Z GET /leaderboard
2026-01-31T15:55:53.704Z GET /games
2026-01-31T15:55:55.751Z GET /leaderboard
2026-01-31T15:55:55.752Z GET /games
2026-01-31T15:55:57.698Z GET /leaderboard
2026-01-31T15:55:57.698Z GET /games
2026-01-31T15:55:59.745Z GET /leaderboard
2026-01-31T15:55:59.746Z GET /games
2026-01-31T15:56:01.660Z GET /games
2026-01-31T15:56:01.661Z GET /leaderboard
2026-01-31T15:56:03.654Z GET /leaderboard
2026-01-31T15:56:03.660Z GET /games
2026-01-31T15:56:05.676Z GET /games
2026-01-31T15:56:05.681Z GET /leaderboard
2026-01-31T15:56:07.734Z GET /games
2026-01-31T15:56:07.735Z GET /leaderboard
2026-01-31T15:56:09.777Z GET /games
2026-01-31T15:56:09.778Z GET /leaderboard
2026-01-31T15:56:11.660Z GET /games
2026-01-31T15:56:11.661Z GET /leaderboard
2026-01-31T15:56:13.775Z GET /games
2026-01-31T15:56:13.775Z GET /leaderboard
2026-01-31T15:56:15.694Z GET /leaderboard
2026-01-31T15:56:15.695Z GET /games
2026-01-31T15:56:17.653Z GET /games
2026-01-31T15:56:17.656Z GET /leaderboard
2026-01-31T15:56:19.708Z GET /games
2026-01-31T15:56:19.708Z GET /leaderboard
2026-01-31T15:56:21.762Z GET /leaderboard
2026-01-31T15:56:21.763Z GET /games
2026-01-31T15:56:23.654Z GET /games
2026-01-31T15:56:23.665Z GET /leaderboard
2026-01-31T15:56:25.755Z GET /leaderboard
2026-01-31T15:56:25.756Z GET /games
2026-01-31T15:56:27.656Z GET /games
2026-01-31T15:56:27.660Z GET /leaderboard
2026-01-31T15:56:29.749Z GET /leaderboard
2026-01-31T15:56:29.750Z GET /games
2026-01-31T15:56:31.694Z GET /leaderboard
2026-01-31T15:56:31.695Z GET /games
2026-01-31T15:56:33.657Z GET /games
2026-01-31T15:56:33.657Z GET /leaderboard
2026-01-31T15:56:35.687Z GET /games
2026-01-31T15:56:35.688Z GET /leaderboard
2026-01-31T15:56:37.736Z GET /games
2026-01-31T15:56:37.737Z GET /leaderboard
2026-01-31T15:56:39.681Z GET /games
2026-01-31T15:56:39.682Z GET /leaderboard
2026-01-31T15:56:41.726Z GET /leaderboard
2026-01-31T15:56:41.727Z GET /games
2026-01-31T15:56:43.777Z GET /leaderboard
2026-01-31T15:56:43.777Z GET /games
2026-01-31T15:56:45.656Z GET /leaderboard
2026-01-31T15:56:45.657Z GET /games
2026-01-31T15:56:47.672Z GET /games
2026-01-31T15:56:47.676Z GET /leaderboard
2026-01-31T15:56:49.682Z GET /games
2026-01-31T15:56:49.683Z GET /leaderboard
2026-01-31T15:56:51.659Z GET /games
2026-01-31T15:56:51.670Z GET /leaderboard
2026-01-31T15:56:53.711Z GET /leaderboard
2026-01-31T15:56:53.712Z GET /games
2026-01-31T15:56:55.757Z GET /games
2026-01-31T15:56:55.758Z GET /leaderboard
2026-01-31T15:56:57.704Z GET /games
2026-01-31T15:56:57.704Z GET /leaderboard
2026-01-31T15:56:59.751Z GET /leaderboard
2026-01-31T15:56:59.752Z GET /games
2026-01-31T15:57:01.697Z GET /games
2026-01-31T15:57:01.697Z GET /leaderboard
2026-01-31T15:57:03.666Z GET /games
2026-01-31T15:57:03.667Z GET /leaderboard
2026-01-31T15:57:05.659Z GET /leaderboard
2026-01-31T15:57:05.672Z GET /games
2026-01-31T15:57:07.652Z GET /games
2026-01-31T15:57:07.653Z GET /leaderboard
2026-01-31T15:57:09.686Z GET /games
2026-01-31T15:57:09.686Z GET /leaderboard
2026-01-31T15:57:11.675Z GET /leaderboard
2026-01-31T15:57:11.675Z GET /games
2026-01-31T15:57:13.679Z GET /games
2026-01-31T15:57:13.679Z GET /leaderboard
2026-01-31T15:57:15.728Z GET /leaderboard
2026-01-31T15:57:15.729Z GET /games
2026-01-31T15:57:17.672Z GET /leaderboard
2026-01-31T15:57:17.673Z GET /games
2026-01-31T15:57:19.719Z GET /games
2026-01-31T15:57:19.719Z GET /leaderboard
2026-01-31T15:57:21.767Z GET /games
2026-01-31T15:57:21.768Z GET /leaderboard
2026-01-31T15:57:23.712Z GET /leaderboard
2026-01-31T15:57:23.713Z GET /games
2026-01-31T15:57:25.761Z GET /leaderboard
2026-01-31T15:57:25.761Z GET /games
2026-01-31T15:57:27.691Z GET /leaderboard
2026-01-31T15:57:27.692Z GET /games
2026-01-31T15:57:29.677Z GET /leaderboard
2026-01-31T15:57:29.677Z GET /games
2026-01-31T15:57:31.700Z GET /games
2026-01-31T15:57:31.701Z GET /leaderboard
2026-01-31T15:57:33.745Z GET /games
2026-01-31T15:57:33.745Z GET /leaderboard
2026-01-31T15:57:35.694Z GET /leaderboard
2026-01-31T15:57:35.694Z GET /games
2026-01-31T15:57:37.742Z GET /games
2026-01-31T15:57:37.742Z GET /leaderboard
2026-01-31T15:57:39.688Z GET /leaderboard
2026-01-31T15:57:39.688Z GET /games
2026-01-31T15:57:41.735Z GET /games
2026-01-31T15:57:41.736Z GET /leaderboard
2026-01-31T15:57:43.783Z GET /games
2026-01-31T15:57:43.784Z GET /leaderboard
2026-01-31T15:57:45.730Z GET /games
2026-01-31T15:57:45.731Z GET /leaderboard
2026-01-31T15:57:47.767Z GET /leaderboard
2026-01-31T15:57:47.768Z GET /games
2026-01-31T15:57:49.722Z GET /games
2026-01-31T15:57:49.723Z GET /leaderboard
2026-01-31T15:57:51.703Z GET /leaderboard
2026-01-31T15:57:51.703Z GET /games
2026-01-31T15:57:53.718Z GET /games
2026-01-31T15:57:53.718Z GET /leaderboard
2026-01-31T15:57:55.681Z GET /leaderboard
2026-01-31T15:57:55.681Z GET /games
2026-01-31T15:57:57.709Z GET /leaderboard
2026-01-31T15:57:57.710Z GET /games
2026-01-31T15:57:59.758Z GET /leaderboard
2026-01-31T15:57:59.759Z GET /games
2026-01-31T15:58:01.703Z GET /games
2026-01-31T15:58:01.704Z GET /leaderboard
2026-01-31T15:58:03.748Z GET /leaderboard
2026-01-31T15:58:03.748Z GET /games
2026-01-31T15:58:05.698Z GET /leaderboard
2026-01-31T15:58:05.699Z GET /games
2026-01-31T15:58:07.746Z GET /leaderboard
2026-01-31T15:58:07.746Z GET /games
2026-01-31T15:58:09.690Z GET /leaderboard
2026-01-31T15:58:09.691Z GET /games
2026-01-31T15:58:11.739Z GET /leaderboard
2026-01-31T15:58:11.740Z GET /games
2026-01-31T15:58:13.684Z GET /games
2026-01-31T15:58:13.685Z GET /leaderboard
2026-01-31T15:58:15.734Z GET /leaderboard
2026-01-31T15:58:15.734Z GET /games
2026-01-31T15:58:17.677Z GET /games
2026-01-31T15:58:17.678Z GET /leaderboard
2026-01-31T15:58:19.663Z GET /games
2026-01-31T15:58:19.666Z GET /leaderboard
2026-01-31T15:58:21.654Z GET /games
2026-01-31T15:58:21.655Z GET /leaderboard
2026-01-31T15:58:23.721Z GET /games
2026-01-31T15:58:23.721Z GET /leaderboard
2026-01-31T15:58:25.767Z GET /leaderboard
2026-01-31T15:58:25.768Z GET /games
2026-01-31T15:58:27.707Z GET /games
2026-01-31T15:58:27.708Z GET /leaderboard
2026-01-31T15:58:29.761Z GET /games
2026-01-31T15:58:29.761Z GET /leaderboard
2026-01-31T15:58:31.684Z GET /games
2026-01-31T15:58:31.689Z GET /leaderboard
2026-01-31T15:58:33.754Z GET /games
2026-01-31T15:58:33.754Z GET /leaderboard
2026-01-31T15:58:35.701Z GET /leaderboard
2026-01-31T15:58:35.701Z GET /games
2026-01-31T15:58:37.749Z GET /games
2026-01-31T15:58:37.750Z GET /leaderboard
2026-01-31T15:58:39.694Z GET /leaderboard
2026-01-31T15:58:39.695Z GET /games
2026-01-31T15:58:41.742Z GET /leaderboard
2026-01-31T15:58:41.742Z GET /games
2026-01-31T15:58:43.671Z GET /games
2026-01-31T15:58:43.671Z GET /leaderboard
2026-01-31T15:58:45.708Z GET /games
2026-01-31T15:58:45.708Z GET /leaderboard
2026-01-31T15:58:47.684Z GET /leaderboard
2026-01-31T15:58:47.685Z GET /games
2026-01-31T15:58:49.728Z GET /leaderboard
2026-01-31T15:58:49.729Z GET /games
2026-01-31T15:58:51.675Z GET /leaderboard
2026-01-31T15:58:51.675Z GET /games
2026-01-31T15:58:53.665Z GET /leaderboard
2026-01-31T15:58:53.666Z GET /games
2026-01-31T15:58:55.770Z GET /games
2026-01-31T15:58:55.770Z GET /leaderboard
2026-01-31T15:58:57.715Z GET /games
2026-01-31T15:58:57.716Z GET /leaderboard
2026-01-31T15:58:59.763Z GET /games
2026-01-31T15:58:59.764Z GET /leaderboard
2026-01-31T15:59:01.709Z GET /games
2026-01-31T15:59:01.710Z GET /leaderboard
2026-01-31T15:59:03.748Z GET /leaderboard
2026-01-31T15:59:03.749Z GET /games
2026-01-31T15:59:05.656Z GET /games
2026-01-31T15:59:05.656Z GET /leaderboard
2026-01-31T15:59:07.752Z GET /leaderboard
2026-01-31T15:59:07.752Z GET /games
2026-01-31T15:59:09.696Z GET /games
2026-01-31T15:59:09.697Z GET /leaderboard
2026-01-31T15:59:11.744Z GET /leaderboard
2026-01-31T15:59:11.745Z GET /games
2026-01-31T15:59:13.690Z GET /leaderboard
2026-01-31T15:59:13.690Z GET /games
2026-01-31T15:59:15.727Z GET /games
2026-01-31T15:59:15.728Z GET /leaderboard
2026-01-31T15:59:17.663Z GET /leaderboard
2026-01-31T15:59:17.670Z GET /games
2026-01-31T15:59:19.671Z GET /leaderboard
2026-01-31T15:59:19.671Z GET /games
2026-01-31T15:59:21.677Z GET /leaderboard
2026-01-31T15:59:21.678Z GET /games
2026-01-31T15:59:23.727Z GET /leaderboard
2026-01-31T15:59:23.727Z GET /games
2026-01-31T15:59:25.671Z GET /leaderboard
2026-01-31T15:59:25.672Z GET /games
2026-01-31T15:59:27.712Z GET /leaderboard
2026-01-31T15:59:27.712Z GET /games
2026-01-31T15:59:29.768Z GET /leaderboard
2026-01-31T15:59:29.768Z GET /games
2026-01-31T15:59:30.791Z GET /
2026-01-31T15:59:31.000Z GET /app.js
2026-01-31T15:59:31.006Z GET /styles.css
2026-01-31T15:59:31.300Z GET /games
2026-01-31T15:59:31.312Z GET /leaderboard
2026-01-31T15:59:31.422Z GET /games
2026-01-31T15:59:31.814Z GET /leaderboard
2026-01-31T15:59:31.815Z GET /games
2026-01-31T15:59:32.327Z GET /games
2026-01-31T15:59:32.327Z GET /leaderboard
2026-01-31T15:59:32.838Z GET /games
2026-01-31T15:59:32.839Z GET /leaderboard
2026-01-31T15:59:33.351Z GET /games
2026-01-31T15:59:33.351Z GET /leaderboard
2026-01-31T15:59:33.796Z GET /leaderboard
2026-01-31T15:59:33.796Z GET /games
2026-01-31T15:59:34.375Z GET /games
2026-01-31T15:59:34.375Z GET /leaderboard
2026-01-31T15:59:34.798Z GET /leaderboard
2026-01-31T15:59:34.805Z GET /games
2026-01-31T15:59:35.297Z GET /games
2026-01-31T15:59:35.305Z GET /leaderboard
2026-01-31T15:59:35.910Z GET /games
2026-01-31T15:59:35.911Z GET /leaderboard
2026-01-31T15:59:36.423Z GET /leaderboard
2026-01-31T15:59:36.424Z GET /games
2026-01-31T15:59:36.832Z GET /games
2026-01-31T15:59:36.833Z GET /leaderboard
2026-01-31T15:59:37.344Z GET /games
2026-01-31T15:59:37.345Z GET /leaderboard
2026-01-31T15:59:37.828Z GET /games
2026-01-31T15:59:37.829Z GET /leaderboard
2026-01-31T15:59:38.370Z GET /leaderboard
2026-01-31T15:59:38.371Z GET /games
2026-01-31T15:59:38.880Z GET /leaderboard
2026-01-31T15:59:38.881Z GET /games
2026-01-31T15:59:39.392Z GET /games
2026-01-31T15:59:39.392Z GET /leaderboard
2026-01-31T15:59:39.802Z GET /games
2026-01-31T15:59:39.806Z GET /leaderboard
2026-01-31T15:59:40.313Z GET /games
2026-01-31T15:59:40.314Z GET /leaderboard
2026-01-31T15:59:40.928Z GET /games
2026-01-31T15:59:40.929Z GET /leaderboard
2026-01-31T15:59:41.338Z GET /leaderboard
2026-01-31T15:59:41.338Z GET /games
2026-01-31T15:59:41.797Z GET /leaderboard
2026-01-31T15:59:41.797Z GET /games
2026-01-31T15:59:42.362Z GET /games
2026-01-31T15:59:42.362Z GET /leaderboard
2026-01-31T15:59:42.875Z GET /leaderboard
2026-01-31T15:59:42.875Z GET /games
2026-01-31T15:59:43.386Z GET /games
2026-01-31T15:59:43.386Z GET /leaderboard
2026-01-31T15:59:43.898Z GET /leaderboard
2026-01-31T15:59:43.899Z GET /games
2026-01-31T15:59:44.325Z GET /games
2026-01-31T15:59:44.325Z GET /leaderboard
2026-01-31T15:59:44.819Z GET /leaderboard
2026-01-31T15:59:44.819Z GET /games
2026-01-31T15:59:45.333Z GET /leaderboard
2026-01-31T15:59:45.334Z GET /games
2026-01-31T15:59:45.843Z GET /games
2026-01-31T15:59:45.843Z GET /leaderboard
2026-01-31T15:59:46.357Z GET /leaderboard
2026-01-31T15:59:46.357Z GET /games
2026-01-31T15:59:46.813Z GET /games
2026-01-31T15:59:46.820Z GET /leaderboard
2026-01-31T15:59:47.381Z GET /leaderboard
2026-01-31T15:59:47.381Z GET /games
2026-01-31T15:59:47.891Z GET /leaderboard
2026-01-31T15:59:47.892Z GET /games
2026-01-31T15:59:48.405Z GET /leaderboard
2026-01-31T15:59:48.405Z GET /games
2026-01-31T15:59:48.915Z GET /leaderboard
2026-01-31T15:59:48.916Z GET /games
2026-01-31T15:59:49.325Z GET /leaderboard
2026-01-31T15:59:49.326Z GET /games
2026-01-31T15:59:49.836Z GET /games
2026-01-31T15:59:49.837Z GET /leaderboard
2026-01-31T15:59:50.348Z GET /games
2026-01-31T15:59:50.349Z GET /leaderboard
2026-01-31T15:59:50.861Z GET /leaderboard
2026-01-31T15:59:50.861Z GET /games
2026-01-31T15:59:51.373Z GET /leaderboard
2026-01-31T15:59:51.373Z GET /games
2026-01-31T15:59:51.818Z GET /leaderboard
2026-01-31T15:59:51.819Z GET /games
2026-01-31T15:59:52.397Z GET /games
2026-01-31T15:59:52.397Z GET /leaderboard
2026-01-31T15:59:52.909Z GET /games
2026-01-31T15:59:52.910Z GET /leaderboard
2026-01-31T15:59:53.319Z GET /games
2026-01-31T15:59:53.320Z GET /leaderboard
2026-01-31T15:59:53.830Z GET /leaderboard
2026-01-31T15:59:53.831Z GET /games
2026-01-31T15:59:54.342Z GET /leaderboard
2026-01-31T15:59:54.343Z GET /games
2026-01-31T15:59:54.855Z GET /leaderboard
2026-01-31T15:59:54.855Z GET /games
2026-01-31T15:59:55.367Z GET /leaderboard
2026-01-31T15:59:55.368Z GET /games
2026-01-31T15:59:55.879Z GET /leaderboard
2026-01-31T15:59:55.879Z GET /games
2026-01-31T15:59:56.391Z GET /games
2026-01-31T15:59:56.391Z GET /leaderboard
2026-01-31T15:59:56.800Z GET /games
2026-01-31T15:59:56.800Z GET /leaderboard
2026-01-31T15:59:57.414Z GET /games
2026-01-31T15:59:57.414Z GET /leaderboard
2026-01-31T15:59:57.823Z GET /leaderboard
2026-01-31T15:59:57.824Z GET /games
2026-01-31T15:59:58.336Z GET /games
2026-01-31T15:59:58.337Z GET /leaderboard
2026-01-31T15:59:58.798Z GET /games
2026-01-31T15:59:58.799Z GET /leaderboard
2026-01-31T15:59:59.360Z GET /games
2026-01-31T15:59:59.361Z GET /leaderboard
2026-01-31T15:59:59.872Z GET /leaderboard
2026-01-31T15:59:59.872Z GET /games
2026-01-31T16:00:00.384Z GET /leaderboard
2026-01-31T16:00:00.385Z GET /games
2026-01-31T16:00:00.896Z GET /leaderboard
2026-01-31T16:00:00.896Z GET /games
2026-01-31T16:00:01.305Z GET /leaderboard
2026-01-31T16:00:01.306Z GET /games
2026-01-31T16:00:01.818Z GET /leaderboard
2026-01-31T16:00:01.818Z GET /games
2026-01-31T16:00:02.432Z GET /games
2026-01-31T16:00:02.432Z GET /leaderboard
2026-01-31T16:00:02.801Z GET /games
2026-01-31T16:00:02.801Z GET /leaderboard
2026-01-31T16:00:03.354Z GET /leaderboard
2026-01-31T16:00:03.354Z GET /games
2026-01-31T16:00:03.799Z GET /games
2026-01-31T16:00:03.806Z GET /leaderboard
2026-01-31T16:00:04.315Z GET /games
2026-01-31T16:00:04.315Z GET /leaderboard
2026-01-31T16:00:04.891Z GET /games
2026-01-31T16:00:04.891Z GET /leaderboard
2026-01-31T16:00:05.298Z GET /games
2026-01-31T16:00:05.298Z GET /leaderboard
2026-01-31T16:00:05.913Z GET /leaderboard
2026-01-31T16:00:05.914Z GET /games
2026-01-31T16:00:06.323Z GET /leaderboard
2026-01-31T16:00:06.323Z GET /games
2026-01-31T16:00:06.836Z GET /leaderboard
2026-01-31T16:00:06.837Z GET /games
2026-01-31T16:00:07.315Z GET /leaderboard
2026-01-31T16:00:07.315Z GET /games
2026-01-31T16:00:07.860Z GET /leaderboard
2026-01-31T16:00:07.860Z GET /games
2026-01-31T16:00:08.290Z GET /games
2026-01-31T16:00:08.298Z GET /leaderboard
2026-01-31T16:00:08.885Z GET /games
2026-01-31T16:00:08.885Z GET /leaderboard
2026-01-31T16:00:09.396Z GET /leaderboard
2026-01-31T16:00:09.396Z GET /games
2026-01-31T16:00:09.909Z GET /leaderboard
2026-01-31T16:00:09.909Z GET /games
2026-01-31T16:00:10.317Z GET /games
2026-01-31T16:00:10.317Z GET /leaderboard
2026-01-31T16:00:10.829Z GET /games
2026-01-31T16:00:10.829Z GET /leaderboard
2026-01-31T16:00:11.341Z GET /games
2026-01-31T16:00:11.344Z GET /leaderboard
2026-01-31T16:00:11.853Z GET /games
2026-01-31T16:00:11.854Z GET /leaderboard
2026-01-31T16:00:12.364Z GET /leaderboard
2026-01-31T16:00:12.365Z GET /games
2026-01-31T16:00:12.875Z GET /leaderboard
2026-01-31T16:00:12.876Z GET /games
2026-01-31T16:00:13.389Z GET /leaderboard
2026-01-31T16:00:13.389Z GET /games
2026-01-31T16:00:13.901Z GET /games
2026-01-31T16:00:13.901Z GET /leaderboard
2026-01-31T16:00:14.311Z GET /games
2026-01-31T16:00:14.312Z GET /leaderboard
2026-01-31T16:00:14.823Z GET /games
2026-01-31T16:00:14.823Z GET /leaderboard
2026-01-31T16:00:15.293Z GET /leaderboard
2026-01-31T16:00:15.300Z GET /games
2026-01-31T16:00:15.847Z GET /leaderboard
2026-01-31T16:00:15.847Z GET /games
2026-01-31T16:00:16.359Z GET /leaderboard
2026-01-31T16:00:16.360Z GET /games
2026-01-31T16:00:16.870Z GET /leaderboard
2026-01-31T16:00:16.870Z GET /games
2026-01-31T16:00:17.383Z GET /leaderboard
2026-01-31T16:00:17.383Z GET /games
2026-01-31T16:00:17.825Z GET /games
2026-01-31T16:00:17.829Z GET /leaderboard
2026-01-31T16:00:18.407Z GET /leaderboard
2026-01-31T16:00:18.407Z GET /games
2026-01-31T16:00:18.918Z GET /games
2026-01-31T16:00:18.919Z GET /leaderboard
2026-01-31T16:00:19.328Z GET /games
2026-01-31T16:00:19.328Z GET /leaderboard
2026-01-31T16:00:19.805Z GET /games
2026-01-31T16:00:19.805Z GET /leaderboard
2026-01-31T16:00:20.351Z GET /games
2026-01-31T16:00:20.352Z GET /leaderboard
2026-01-31T16:00:20.864Z GET /games
2026-01-31T16:00:20.864Z GET /leaderboard
2026-01-31T16:00:21.375Z GET /games
2026-01-31T16:00:21.376Z GET /leaderboard
2026-01-31T16:00:21.888Z GET /leaderboard
2026-01-31T16:00:21.888Z GET /games
2026-01-31T16:00:22.400Z GET /games
2026-01-31T16:00:22.400Z GET /leaderboard
2026-01-31T16:00:22.816Z GET /games
2026-01-31T16:00:22.816Z GET /leaderboard
2026-01-31T16:00:23.299Z GET /leaderboard
2026-01-31T16:00:23.300Z GET /games
2026-01-31T16:00:23.834Z GET /games
2026-01-31T16:00:23.834Z GET /leaderboard
2026-01-31T16:00:24.345Z GET /games
2026-01-31T16:00:24.346Z GET /leaderboard
2026-01-31T16:00:24.858Z GET /leaderboard
2026-01-31T16:00:24.858Z GET /games
2026-01-31T16:00:25.300Z GET /games
2026-01-31T16:00:25.304Z GET /leaderboard
2026-01-31T16:00:25.822Z GET /games
2026-01-31T16:00:25.823Z GET /leaderboard
2026-01-31T16:00:26.381Z GET /games
2026-01-31T16:00:26.382Z GET /leaderboard
2026-01-31T16:00:26.803Z GET /games
2026-01-31T16:00:26.804Z GET /leaderboard
2026-01-31T16:00:27.318Z GET /games
2026-01-31T16:00:27.318Z GET /leaderboard
2026-01-31T16:00:27.835Z GET /leaderboard
2026-01-31T16:00:27.835Z GET /games
2026-01-31T16:00:28.341Z GET /leaderboard
2026-01-31T16:00:28.341Z GET /games
2026-01-31T16:00:28.856Z GET /leaderboard
2026-01-31T16:00:28.857Z GET /games
2026-01-31T16:00:29.364Z GET /leaderboard
2026-01-31T16:00:29.365Z GET /games
2026-01-31T16:00:29.875Z GET /leaderboard
2026-01-31T16:00:29.875Z GET /games
2026-01-31T16:00:30.295Z GET /games
2026-01-31T16:00:30.295Z GET /leaderboard
2026-01-31T16:00:30.815Z GET /leaderboard
2026-01-31T16:00:30.815Z GET /games
2026-01-31T16:00:31.317Z GET /games
2026-01-31T16:00:31.318Z GET /leaderboard
2026-01-31T16:00:31.822Z GET /games
2026-01-31T16:00:31.822Z GET /leaderboard
2026-01-31T16:00:32.318Z GET /games
2026-01-31T16:00:32.329Z GET /leaderboard
2026-01-31T16:00:32.803Z GET /games
2026-01-31T16:00:32.812Z GET /leaderboard
2026-01-31T16:00:33.358Z GET /leaderboard
2026-01-31T16:00:33.359Z GET /games
2026-01-31T16:00:33.868Z GET /leaderboard
2026-01-31T16:00:33.868Z GET /games
2026-01-31T16:00:34.381Z GET /leaderboard
2026-01-31T16:00:34.381Z GET /games
2026-01-31T16:00:34.823Z GET /games
2026-01-31T16:00:34.824Z GET /leaderboard
2026-01-31T16:00:35.408Z GET /games
2026-01-31T16:00:35.408Z GET /leaderboard
2026-01-31T16:00:35.916Z GET /games
2026-01-31T16:00:35.917Z GET /leaderboard
2026-01-31T16:00:36.327Z GET /games
2026-01-31T16:00:36.327Z GET /leaderboard
2026-01-31T16:00:36.838Z GET /games
2026-01-31T16:00:36.839Z GET /leaderboard
2026-01-31T16:00:37.351Z GET /leaderboard
2026-01-31T16:00:37.351Z GET /games
2026-01-31T16:00:37.862Z GET /leaderboard
2026-01-31T16:00:37.863Z GET /games
2026-01-31T16:00:38.374Z GET /games
2026-01-31T16:00:38.375Z GET /leaderboard
2026-01-31T16:00:38.887Z GET /leaderboard
2026-01-31T16:00:38.888Z GET /games
2026-01-31T16:00:39.398Z GET /games
2026-01-31T16:00:39.399Z GET /leaderboard
2026-01-31T16:00:39.910Z GET /leaderboard
2026-01-31T16:00:39.911Z GET /games
2026-01-31T16:00:40.423Z GET /leaderboard
2026-01-31T16:00:40.423Z GET /games
2026-01-31T16:00:40.832Z GET /games
2026-01-31T16:00:40.832Z GET /leaderboard
2026-01-31T16:00:41.345Z GET /leaderboard
2026-01-31T16:00:41.346Z GET /games
2026-01-31T16:00:41.856Z GET /leaderboard
2026-01-31T16:00:41.856Z GET /games
2026-01-31T16:00:42.369Z GET /games
2026-01-31T16:00:42.369Z GET /leaderboard
2026-01-31T16:00:42.821Z GET /games
2026-01-31T16:00:42.821Z GET /leaderboard
2026-01-31T16:00:43.392Z GET /leaderboard
2026-01-31T16:00:43.392Z GET /games
2026-01-31T16:00:43.802Z GET /games
2026-01-31T16:00:43.802Z GET /leaderboard
2026-01-31T16:00:44.315Z GET /leaderboard
2026-01-31T16:00:44.315Z GET /games
2026-01-31T16:00:44.826Z GET /leaderboard
2026-01-31T16:00:44.827Z GET /games
2026-01-31T16:00:45.294Z GET /games
2026-01-31T16:00:45.294Z GET /leaderboard
2026-01-31T16:00:45.849Z GET /leaderboard
2026-01-31T16:00:45.849Z GET /games
2026-01-31T16:00:46.297Z GET /games
2026-01-31T16:00:46.298Z GET /leaderboard
2026-01-31T16:00:46.819Z GET /leaderboard
2026-01-31T16:00:46.837Z GET /games
2026-01-31T16:00:47.384Z GET /games
2026-01-31T16:00:47.384Z GET /leaderboard
2026-01-31T16:00:47.798Z GET /games
2026-01-31T16:00:47.799Z GET /leaderboard
2026-01-31T16:00:48.313Z GET /leaderboard
2026-01-31T16:00:48.314Z GET /games
2026-01-31T16:00:48.821Z GET /leaderboard
2026-01-31T16:00:48.863Z GET /games
2026-01-31T16:00:49.314Z GET /leaderboard
2026-01-31T16:00:49.315Z GET /games
2026-01-31T16:00:49.845Z GET /games
2026-01-31T16:00:49.845Z GET /leaderboard
2026-01-31T16:00:50.314Z GET /leaderboard
2026-01-31T16:00:50.314Z GET /games
2026-01-31T16:00:50.802Z GET /leaderboard
2026-01-31T16:00:50.802Z GET /games
2026-01-31T16:00:51.380Z GET /games
2026-01-31T16:00:51.380Z GET /leaderboard
2026-01-31T16:00:51.893Z GET /leaderboard
2026-01-31T16:00:51.893Z GET /games
2026-01-31T16:00:52.301Z GET /games
2026-01-31T16:00:52.301Z GET /leaderboard
2026-01-31T16:00:52.814Z GET /games
2026-01-31T16:00:52.814Z GET /leaderboard
2026-01-31T16:00:53.325Z GET /games
2026-01-31T16:00:53.326Z GET /leaderboard
2026-01-31T16:00:53.837Z GET /games
2026-01-31T16:00:53.837Z GET /leaderboard
2026-01-31T16:00:54.348Z GET /leaderboard
2026-01-31T16:00:54.349Z GET /games
2026-01-31T16:00:54.861Z GET /games
2026-01-31T16:00:54.862Z GET /leaderboard
2026-01-31T16:00:55.293Z GET /games
2026-01-31T16:00:55.300Z GET /leaderboard
2026-01-31T16:00:55.884Z GET /games
2026-01-31T16:00:55.885Z GET /leaderboard
2026-01-31T16:00:56.397Z GET /leaderboard
2026-01-31T16:00:56.397Z GET /games
2026-01-31T16:00:56.908Z GET /games
2026-01-31T16:00:56.909Z GET /leaderboard
2026-01-31T16:00:57.317Z GET /leaderboard
2026-01-31T16:00:57.318Z GET /games
2026-01-31T16:00:57.830Z GET /leaderboard
2026-01-31T16:00:57.830Z GET /games
2026-01-31T16:00:58.343Z GET /leaderboard
2026-01-31T16:00:58.343Z GET /games
2026-01-31T16:00:58.855Z GET /games
2026-01-31T16:00:58.855Z GET /leaderboard
2026-01-31T16:00:59.366Z GET /leaderboard
2026-01-31T16:00:59.367Z GET /games
2026-01-31T16:00:59.878Z GET /games
2026-01-31T16:00:59.878Z GET /leaderboard
2026-01-31T16:01:00.391Z GET /leaderboard
2026-01-31T16:01:00.391Z GET /games
2026-01-31T16:01:00.799Z GET /leaderboard
2026-01-31T16:01:00.800Z GET /games
2026-01-31T16:01:01.415Z GET /leaderboard
2026-01-31T16:01:01.415Z GET /games
2026-01-31T16:01:01.830Z GET /leaderboard
2026-01-31T16:01:01.836Z GET /games
2026-01-31T16:01:02.336Z GET /leaderboard
2026-01-31T16:01:02.337Z GET /games
2026-01-31T16:01:02.817Z GET /games
2026-01-31T16:01:02.818Z GET /leaderboard
2026-01-31T16:01:03.299Z GET /leaderboard
2026-01-31T16:01:03.300Z GET /games
2026-01-31T16:01:03.872Z GET /leaderboard
2026-01-31T16:01:03.872Z GET /games
2026-01-31T16:01:04.335Z GET /games
2026-01-31T16:01:04.336Z GET /leaderboard
2026-01-31T16:01:04.895Z GET /leaderboard
2026-01-31T16:01:04.896Z GET /games
2026-01-31T16:01:05.407Z GET /games
2026-01-31T16:01:05.408Z GET /leaderboard
2026-01-31T16:01:05.818Z GET /leaderboard
2026-01-31T16:01:05.819Z GET /games
2026-01-31T16:01:06.330Z GET /leaderboard
2026-01-31T16:01:06.330Z GET /games
2026-01-31T16:01:06.842Z GET /leaderboard
2026-01-31T16:01:06.843Z GET /games
2026-01-31T16:01:07.316Z GET /leaderboard
2026-01-31T16:01:07.316Z GET /games
2026-01-31T16:01:07.866Z GET /leaderboard
2026-01-31T16:01:07.867Z GET /games
2026-01-31T16:01:08.378Z GET /leaderboard
2026-01-31T16:01:08.378Z GET /games
2026-01-31T16:01:08.890Z GET /games
2026-01-31T16:01:08.890Z GET /leaderboard
2026-01-31T16:01:09.402Z GET /games
2026-01-31T16:01:09.402Z GET /leaderboard
2026-01-31T16:01:09.815Z GET /leaderboard
2026-01-31T16:01:09.815Z GET /games
2026-01-31T16:01:10.325Z GET /leaderboard
2026-01-31T16:01:10.325Z GET /games
2026-01-31T16:01:10.837Z GET /leaderboard
2026-01-31T16:01:10.837Z GET /games
2026-01-31T16:01:11.349Z GET /games
2026-01-31T16:01:11.349Z GET /leaderboard
2026-01-31T16:01:11.859Z GET /games
2026-01-31T16:01:11.860Z GET /leaderboard
2026-01-31T16:01:12.373Z GET /leaderboard
2026-01-31T16:01:12.373Z GET /games
2026-01-31T16:01:12.883Z GET /games
2026-01-31T16:01:12.883Z GET /leaderboard
2026-01-31T16:01:13.397Z GET /games
2026-01-31T16:01:13.397Z GET /leaderboard
2026-01-31T16:01:13.907Z GET /leaderboard
2026-01-31T16:01:13.908Z GET /games
2026-01-31T16:01:14.421Z GET /leaderboard
2026-01-31T16:01:14.422Z GET /games
2026-01-31T16:01:14.819Z GET /leaderboard
2026-01-31T16:01:14.823Z GET /games
2026-01-31T16:01:15.301Z GET /leaderboard
2026-01-31T16:01:15.302Z GET /games
2026-01-31T16:01:15.853Z GET /games
2026-01-31T16:01:15.853Z GET /leaderboard
2026-01-31T16:01:16.319Z GET /leaderboard
2026-01-31T16:01:16.319Z GET /games
2026-01-31T16:01:16.799Z GET /games
2026-01-31T16:01:16.800Z GET /leaderboard
2026-01-31T16:01:17.390Z GET /games
2026-01-31T16:01:17.391Z GET /leaderboard
2026-01-31T16:01:17.901Z GET /leaderboard
2026-01-31T16:01:17.901Z GET /games
2026-01-31T16:01:18.310Z GET /leaderboard
2026-01-31T16:01:18.311Z GET /games
2026-01-31T16:01:18.823Z GET /leaderboard
2026-01-31T16:01:18.823Z GET /games
2026-01-31T16:01:19.335Z GET /games
2026-01-31T16:01:19.335Z GET /leaderboard
2026-01-31T16:01:19.846Z GET /leaderboard
2026-01-31T16:01:19.847Z GET /games
2026-01-31T16:01:20.358Z GET /games
2026-01-31T16:01:20.359Z GET /leaderboard
2026-01-31T16:01:20.873Z GET /leaderboard
2026-01-31T16:01:20.873Z GET /games
2026-01-31T16:01:21.382Z GET /games
2026-01-31T16:01:21.382Z GET /leaderboard
2026-01-31T16:01:21.895Z GET /games
2026-01-31T16:01:21.895Z GET /leaderboard
2026-01-31T16:01:22.407Z GET /games
2026-01-31T16:01:22.407Z GET /leaderboard
2026-01-31T16:01:22.805Z GET /games
2026-01-31T16:01:22.806Z GET /leaderboard
2026-01-31T16:01:23.328Z GET /games
2026-01-31T16:01:23.329Z GET /leaderboard
2026-01-31T16:01:23.840Z GET /leaderboard
2026-01-31T16:01:23.840Z GET /games
2026-01-31T16:01:24.351Z GET /leaderboard
2026-01-31T16:01:24.352Z GET /games
2026-01-31T16:01:24.864Z GET /games
2026-01-31T16:01:24.864Z GET /leaderboard
2026-01-31T16:01:25.376Z GET /leaderboard
2026-01-31T16:01:25.377Z GET /games
2026-01-31T16:01:25.891Z GET /leaderboard
2026-01-31T16:01:25.892Z GET /games
2026-01-31T16:01:26.311Z GET /games
2026-01-31T16:01:26.326Z GET /leaderboard
2026-01-31T16:01:26.809Z GET /games
2026-01-31T16:01:26.810Z GET /leaderboard
2026-01-31T16:01:27.424Z GET /games
2026-01-31T16:01:27.424Z GET /leaderboard
2026-01-31T16:01:27.798Z GET /games
2026-01-31T16:01:27.807Z GET /leaderboard
2026-01-31T16:01:28.349Z GET /games
2026-01-31T16:01:28.350Z GET /leaderboard
2026-01-31T16:01:28.857Z GET /games
2026-01-31T16:01:28.857Z GET /leaderboard
2026-01-31T16:01:29.369Z GET /games
2026-01-31T16:01:29.370Z GET /leaderboard
2026-01-31T16:01:29.882Z GET /leaderboard
2026-01-31T16:01:29.882Z GET /games
2026-01-31T16:01:30.393Z GET /games
2026-01-31T16:01:30.393Z GET /leaderboard
2026-01-31T16:01:30.905Z GET /leaderboard
2026-01-31T16:01:30.905Z GET /games
2026-01-31T16:01:31.416Z GET /games
2026-01-31T16:01:31.416Z GET /leaderboard
2026-01-31T16:01:31.814Z GET /leaderboard
2026-01-31T16:01:31.814Z GET /games
2026-01-31T16:01:32.338Z GET /games
2026-01-31T16:01:32.339Z GET /leaderboard
2026-01-31T16:01:32.809Z GET /games
2026-01-31T16:01:32.816Z GET /leaderboard
2026-01-31T16:01:33.362Z GET /leaderboard
2026-01-31T16:01:33.363Z GET /games
2026-01-31T16:01:33.801Z GET /games
2026-01-31T16:01:33.801Z GET /leaderboard
2026-01-31T16:01:34.316Z GET /leaderboard
2026-01-31T16:01:34.319Z GET /games
2026-01-31T16:01:34.815Z GET /games
2026-01-31T16:01:34.819Z GET /leaderboard
2026-01-31T16:01:35.411Z GET /games
2026-01-31T16:01:35.411Z GET /leaderboard
2026-01-31T16:01:35.928Z GET /leaderboard
2026-01-31T16:01:35.928Z GET /games
2026-01-31T16:01:36.319Z GET /games
2026-01-31T16:01:36.319Z GET /leaderboard
2026-01-31T16:01:36.797Z GET /games
2026-01-31T16:01:36.805Z GET /leaderboard
2026-01-31T16:01:37.316Z GET /games
2026-01-31T16:01:37.316Z GET /leaderboard
2026-01-31T16:01:37.869Z GET /leaderboard
2026-01-31T16:01:37.870Z GET /games
2026-01-31T16:01:38.303Z GET /games
2026-01-31T16:01:38.308Z GET /leaderboard
2026-01-31T16:01:38.893Z GET /games
2026-01-31T16:01:38.893Z GET /leaderboard
2026-01-31T16:01:39.310Z GET /games
2026-01-31T16:01:39.317Z GET /leaderboard
2026-01-31T16:01:39.801Z GET /leaderboard
2026-01-31T16:01:39.801Z GET /games
2026-01-31T16:01:40.317Z GET /leaderboard
2026-01-31T16:01:40.317Z GET /games
2026-01-31T16:01:40.838Z GET /leaderboard
2026-01-31T16:01:40.838Z GET /games
2026-01-31T16:01:41.350Z GET /games
2026-01-31T16:01:41.351Z GET /leaderboard
2026-01-31T16:01:41.863Z GET /leaderboard
2026-01-31T16:01:41.863Z GET /games
2026-01-31T16:01:42.375Z GET /games
2026-01-31T16:01:42.375Z GET /leaderboard
2026-01-31T16:01:42.886Z GET /leaderboard
2026-01-31T16:01:42.887Z GET /games
2026-01-31T16:01:43.398Z GET /games
2026-01-31T16:01:43.399Z GET /leaderboard
2026-01-31T16:01:43.815Z GET /games
2026-01-31T16:01:43.819Z GET /leaderboard
2026-01-31T16:01:44.319Z GET /games
2026-01-31T16:01:44.320Z GET /leaderboard
2026-01-31T16:01:44.832Z GET /games
2026-01-31T16:01:44.832Z GET /leaderboard
2026-01-31T16:01:45.343Z GET /leaderboard
2026-01-31T16:01:45.344Z GET /games
2026-01-31T16:01:45.825Z GET /leaderboard
2026-01-31T16:01:45.826Z GET /games
2026-01-31T16:01:46.368Z GET /games
2026-01-31T16:01:46.368Z GET /leaderboard
2026-01-31T16:01:46.880Z GET /games
2026-01-31T16:01:46.880Z GET /leaderboard
2026-01-31T16:01:47.313Z GET /leaderboard
2026-01-31T16:01:47.317Z GET /games
2026-01-31T16:01:47.904Z GET /games
2026-01-31T16:01:47.904Z GET /leaderboard
2026-01-31T16:01:48.296Z GET /leaderboard
2026-01-31T16:01:48.296Z GET /games
2026-01-31T16:01:48.826Z GET /leaderboard
2026-01-31T16:01:48.826Z GET /games
2026-01-31T16:01:49.338Z GET /games
2026-01-31T16:01:49.338Z GET /leaderboard
2026-01-31T16:01:49.801Z GET /leaderboard
2026-01-31T16:01:49.802Z GET /games
2026-01-31T16:01:50.361Z GET /games
2026-01-31T16:01:50.362Z GET /leaderboard
2026-01-31T16:01:50.873Z GET /leaderboard
2026-01-31T16:01:50.874Z GET /games
2026-01-31T16:01:51.385Z GET /games
2026-01-31T16:01:51.386Z GET /leaderboard
2026-01-31T16:01:51.811Z GET /games
2026-01-31T16:01:51.811Z GET /leaderboard
2026-01-31T16:01:52.324Z GET /leaderboard
2026-01-31T16:01:52.336Z GET /games
2026-01-31T16:01:52.814Z GET /games
2026-01-31T16:01:52.821Z GET /leaderboard
2026-01-31T16:01:53.325Z GET /leaderboard
2026-01-31T16:01:53.326Z GET /games
2026-01-31T16:01:53.817Z GET /leaderboard
2026-01-31T16:01:53.818Z GET /games
2026-01-31T16:01:54.356Z GET /leaderboard
2026-01-31T16:01:54.357Z GET /games
2026-01-31T16:01:54.866Z GET /leaderboard
2026-01-31T16:01:54.867Z GET /games
2026-01-31T16:01:55.380Z GET /games
2026-01-31T16:01:55.381Z GET /leaderboard
2026-01-31T16:01:55.890Z GET /leaderboard
2026-01-31T16:01:55.891Z GET /games
2026-01-31T16:01:56.300Z GET /games
2026-01-31T16:01:56.300Z GET /leaderboard
2026-01-31T16:01:56.916Z GET /leaderboard
2026-01-31T16:01:56.916Z GET /games
2026-01-31T16:01:57.324Z GET /games
2026-01-31T16:01:57.324Z GET /leaderboard
2026-01-31T16:01:57.821Z GET /games
2026-01-31T16:01:57.823Z GET /leaderboard
2026-01-31T16:01:58.299Z GET /leaderboard
2026-01-31T16:01:58.303Z GET /games
2026-01-31T16:01:58.793Z GET /games
2026-01-31T16:01:58.805Z GET /leaderboard
2026-01-31T16:01:59.373Z GET /leaderboard
2026-01-31T16:01:59.373Z GET /games
2026-01-31T16:01:59.884Z GET /leaderboard
2026-01-31T16:01:59.884Z GET /games
2026-01-31T16:02:00.396Z GET /leaderboard
2026-01-31T16:02:00.396Z GET /games
2026-01-31T16:02:00.910Z GET /leaderboard
2026-01-31T16:02:00.911Z GET /games
2026-01-31T16:02:01.317Z GET /games
2026-01-31T16:02:01.318Z GET /leaderboard
2026-01-31T16:02:01.798Z GET /games
2026-01-31T16:02:01.805Z GET /leaderboard
2026-01-31T16:02:02.341Z GET /games
2026-01-31T16:02:02.342Z GET /leaderboard
2026-01-31T16:02:02.474Z GET /
2026-01-31T16:02:02.698Z GET /styles.css
2026-01-31T16:02:02.709Z GET /app.js
2026-01-31T16:02:02.995Z GET /games
2026-01-31T16:02:02.996Z GET /leaderboard
2026-01-31T16:02:03.101Z GET /games
2026-01-31T16:02:03.572Z GET /leaderboard
2026-01-31T16:02:03.573Z GET /games
2026-01-31T16:02:03.653Z POST /api/games/chess/play
2026-01-31T16:02:04.011Z GET /games
2026-01-31T16:02:04.017Z GET /leaderboard
2026-01-31T16:02:04.513Z GET /leaderboard
2026-01-31T16:02:04.523Z GET /games
2026-01-31T16:02:05.106Z GET /leaderboard
2026-01-31T16:02:05.107Z GET /games
2026-01-31T16:02:05.620Z GET /leaderboard
2026-01-31T16:02:05.621Z GET /games
2026-01-31T16:02:06.029Z GET /games
2026-01-31T16:02:06.029Z GET /leaderboard
2026-01-31T16:02:06.521Z GET /games
2026-01-31T16:02:06.525Z GET /leaderboard
2026-01-31T16:02:07.052Z GET /leaderboard
2026-01-31T16:02:07.053Z GET /games
2026-01-31T16:02:07.564Z GET /leaderboard
2026-01-31T16:02:07.565Z GET /games
2026-01-31T16:02:08.076Z GET /games
2026-01-31T16:02:08.076Z GET /leaderboard
2026-01-31T16:02:08.588Z GET /games
2026-01-31T16:02:08.589Z GET /leaderboard
2026-01-31T16:02:09.100Z GET /leaderboard
2026-01-31T16:02:09.101Z GET /games
2026-01-31T16:02:09.612Z GET /leaderboard
2026-01-31T16:02:09.612Z GET /games
2026-01-31T16:02:10.124Z GET /leaderboard
2026-01-31T16:02:10.125Z GET /games
2026-01-31T16:02:10.514Z GET /leaderboard
2026-01-31T16:02:10.519Z GET /games
2026-01-31T16:02:11.045Z GET /leaderboard
2026-01-31T16:02:11.046Z GET /games
2026-01-31T16:02:11.558Z GET /leaderboard
2026-01-31T16:02:11.559Z GET /games
2026-01-31T16:02:12.070Z GET /leaderboard
2026-01-31T16:02:12.070Z GET /games
2026-01-31T16:02:12.582Z GET /leaderboard
2026-01-31T16:02:12.582Z GET /games
2026-01-31T16:02:12.639Z GET /
2026-01-31T16:02:12.753Z GET /styles.css
2026-01-31T16:02:12.761Z GET /app.js
2026-01-31T16:02:12.891Z GET /games
2026-01-31T16:02:12.899Z GET /leaderboard
2026-01-31T16:02:12.996Z GET /games
2026-01-31T16:02:13.401Z GET /games
2026-01-31T16:02:13.402Z GET /leaderboard
2026-01-31T16:02:14.016Z GET /leaderboard
2026-01-31T16:02:14.016Z GET /games
2026-01-31T16:02:14.402Z GET /games
2026-01-31T16:02:14.419Z GET /leaderboard
2026-01-31T16:02:14.937Z GET /games
2026-01-31T16:02:14.938Z GET /leaderboard
2026-01-31T16:02:15.450Z GET /games
2026-01-31T16:02:15.451Z GET /leaderboard
2026-01-31T16:02:15.962Z GET /games
2026-01-31T16:02:15.963Z GET /leaderboard
2026-01-31T16:02:16.473Z GET /games
2026-01-31T16:02:16.473Z GET /leaderboard
2026-01-31T16:02:16.985Z GET /games
2026-01-31T16:02:16.985Z GET /leaderboard
2026-01-31T16:02:17.498Z GET /leaderboard
2026-01-31T16:02:17.498Z GET /games
2026-01-31T16:02:18.009Z GET /leaderboard
2026-01-31T16:02:18.010Z GET /games
2026-01-31T16:02:18.421Z GET /leaderboard
2026-01-31T16:02:18.422Z GET /games
2026-01-31T16:02:18.932Z GET /games
2026-01-31T16:02:18.933Z GET /leaderboard
2026-01-31T16:02:19.545Z GET /leaderboard
2026-01-31T16:02:19.545Z GET /games
2026-01-31T16:02:19.956Z GET /games
2026-01-31T16:02:19.957Z GET /leaderboard
2026-01-31T16:02:20.467Z GET /leaderboard
2026-01-31T16:02:20.467Z GET /games
2026-01-31T16:02:20.980Z GET /games
2026-01-31T16:02:20.981Z GET /leaderboard
2026-01-31T16:02:21.393Z GET /leaderboard
2026-01-31T16:02:21.393Z GET /games
2026-01-31T16:02:21.905Z GET /leaderboard
2026-01-31T16:02:21.906Z GET /games
2026-01-31T16:02:22.398Z GET /games
2026-01-31T16:02:22.405Z GET /leaderboard
2026-01-31T16:02:22.925Z GET /games
2026-01-31T16:02:22.926Z GET /leaderboard
2026-01-31T16:02:23.437Z GET /leaderboard
2026-01-31T16:02:23.437Z GET /games
2026-01-31T16:02:23.912Z GET /games
2026-01-31T16:02:23.919Z GET /leaderboard
2026-01-31T16:02:24.460Z GET /leaderboard
2026-01-31T16:02:24.461Z GET /games
2026-01-31T16:02:24.972Z GET /leaderboard
2026-01-31T16:02:24.973Z GET /games
2026-01-31T16:02:25.485Z GET /games
2026-01-31T16:02:25.486Z GET /leaderboard
2026-01-31T16:02:25.912Z GET /games
2026-01-31T16:02:25.918Z GET /leaderboard
2026-01-31T16:02:26.396Z GET /games
2026-01-31T16:02:26.397Z GET /leaderboard
2026-01-31T16:02:26.964Z GET /leaderboard
2026-01-31T16:02:26.965Z GET /games
2026-01-31T16:02:27.430Z GET /games
2026-01-31T16:02:27.430Z GET /leaderboard
2026-01-31T16:02:27.942Z GET /games
2026-01-31T16:02:27.943Z GET /leaderboard
2026-01-31T16:02:28.454Z GET /leaderboard
2026-01-31T16:02:28.454Z GET /games
2026-01-31T16:02:28.966Z GET /leaderboard
2026-01-31T16:02:28.966Z GET /games
2026-01-31T16:02:29.479Z GET /games
2026-01-31T16:02:29.479Z GET /leaderboard
2026-01-31T16:02:29.990Z GET /leaderboard
2026-01-31T16:02:29.991Z GET /games
2026-01-31T16:02:30.425Z GET /leaderboard
2026-01-31T16:02:30.426Z GET /games
2026-01-31T16:02:31.014Z GET /leaderboard
2026-01-31T16:02:31.015Z GET /games
2026-01-31T16:02:31.424Z GET /games
2026-01-31T16:02:31.425Z GET /leaderboard
2026-01-31T16:02:31.936Z GET /leaderboard
2026-01-31T16:02:31.937Z GET /games
2026-01-31T16:02:32.448Z GET /games
2026-01-31T16:02:32.449Z GET /leaderboard
2026-01-31T16:02:32.899Z GET /games
2026-01-31T16:02:32.900Z GET /leaderboard
2026-01-31T16:02:33.472Z GET /games
2026-01-31T16:02:33.472Z GET /leaderboard
2026-01-31T16:02:33.983Z GET /games
2026-01-31T16:02:33.984Z GET /leaderboard
2026-01-31T16:02:34.495Z GET /games
2026-01-31T16:02:34.496Z GET /leaderboard
2026-01-31T16:02:34.909Z GET /leaderboard
2026-01-31T16:02:34.909Z GET /games
2026-01-31T16:02:35.519Z GET /games
2026-01-31T16:02:35.520Z GET /leaderboard
2026-01-31T16:02:35.929Z GET /leaderboard
2026-01-31T16:02:35.929Z GET /games
2026-01-31T16:02:36.441Z GET /games
2026-01-31T16:02:36.442Z GET /leaderboard
2026-01-31T16:02:36.954Z GET /leaderboard
2026-01-31T16:02:36.954Z GET /games
2026-01-31T16:02:37.466Z GET /leaderboard
2026-01-31T16:02:37.467Z GET /games
2026-01-31T16:02:37.977Z GET /games
2026-01-31T16:02:37.978Z GET /leaderboard
2026-01-31T16:02:38.490Z GET /games
2026-01-31T16:02:38.490Z GET /leaderboard
2026-01-31T16:02:38.899Z GET /games
2026-01-31T16:02:38.899Z GET /leaderboard
2026-01-31T16:02:39.513Z GET /leaderboard
2026-01-31T16:02:39.513Z GET /games
2026-01-31T16:02:39.923Z GET /games
2026-01-31T16:02:39.924Z GET /leaderboard
2026-01-31T16:02:40.436Z GET /leaderboard
2026-01-31T16:02:40.437Z GET /games
2026-01-31T16:02:40.946Z GET /leaderboard
2026-01-31T16:02:40.947Z GET /games
2026-01-31T16:02:41.460Z GET /games
2026-01-31T16:02:41.461Z GET /leaderboard
2026-01-31T16:02:41.971Z GET /leaderboard
2026-01-31T16:02:41.971Z GET /games
2026-01-31T16:02:42.390Z GET /games
2026-01-31T16:02:42.393Z GET /leaderboard
2026-01-31T16:02:42.968Z GET /leaderboard
2026-01-31T16:02:42.969Z GET /games
2026-01-31T16:02:43.508Z GET /leaderboard
2026-01-31T16:02:43.509Z GET /games
2026-01-31T16:02:44.019Z GET /leaderboard
2026-01-31T16:02:44.019Z GET /games
2026-01-31T16:02:44.429Z GET /games
2026-01-31T16:02:44.430Z GET /leaderboard
2026-01-31T16:02:44.899Z GET /games
2026-01-31T16:02:44.899Z GET /leaderboard
2026-01-31T16:02:45.452Z GET /games
2026-01-31T16:02:45.453Z GET /leaderboard
2026-01-31T16:02:46.155Z GET /games
2026-01-31T16:02:46.156Z GET /leaderboard
2026-01-31T16:02:46.661Z GET /games
2026-01-31T16:02:46.661Z GET /leaderboard
2026-01-31T16:02:46.985Z GET /leaderboard
2026-01-31T16:02:46.986Z GET /games
2026-01-31T16:02:47.604Z GET /games
2026-01-31T16:02:47.604Z GET /leaderboard
2026-01-31T16:02:48.012Z GET /leaderboard
2026-01-31T16:02:48.013Z GET /games
2026-01-31T16:02:48.425Z GET /games
2026-01-31T16:02:48.426Z GET /leaderboard
2026-01-31T16:02:48.913Z GET /games
2026-01-31T16:02:48.914Z GET /leaderboard
2026-01-31T16:02:49.446Z GET /games
2026-01-31T16:02:49.446Z GET /leaderboard
2026-01-31T16:02:49.912Z GET /leaderboard
2026-01-31T16:02:49.913Z GET /games
2026-01-31T16:02:50.470Z GET /games
2026-01-31T16:02:50.470Z GET /leaderboard
2026-01-31T16:02:51.290Z GET /leaderboard
2026-01-31T16:02:51.290Z GET /games
2026-01-31T16:02:51.415Z GET /leaderboard
2026-01-31T16:02:51.416Z GET /games
2026-01-31T16:02:51.904Z GET /leaderboard
2026-01-31T16:02:51.904Z GET /games
2026-01-31T16:02:52.415Z GET /leaderboard
2026-01-31T16:02:52.416Z GET /games
2026-01-31T16:02:52.928Z GET /leaderboard
2026-01-31T16:02:52.929Z GET /games
2026-01-31T16:02:53.440Z GET /games
2026-01-31T16:02:53.440Z GET /leaderboard
2026-01-31T16:02:53.951Z GET /games
2026-01-31T16:02:53.952Z GET /leaderboard
2026-01-31T16:02:54.463Z GET /games
2026-01-31T16:02:54.464Z GET /leaderboard
2026-01-31T16:02:54.977Z GET /leaderboard
2026-01-31T16:02:54.977Z GET /games
2026-01-31T16:02:55.560Z GET /games
2026-01-31T16:02:55.565Z GET /leaderboard
2026-01-31T16:02:56.185Z GET /leaderboard
2026-01-31T16:02:56.186Z GET /games
2026-01-31T16:02:56.415Z GET /games
2026-01-31T16:02:56.415Z GET /leaderboard
2026-01-31T16:02:56.937Z GET /leaderboard
2026-01-31T16:02:56.941Z GET /games
2026-01-31T16:02:57.406Z GET /games
2026-01-31T16:02:57.414Z GET /leaderboard
2026-01-31T16:02:57.945Z GET /leaderboard
2026-01-31T16:02:57.945Z GET /games
2026-01-31T16:02:58.458Z GET /leaderboard
2026-01-31T16:02:58.459Z GET /games
2026-01-31T16:02:58.969Z GET /games
2026-01-31T16:02:58.969Z GET /leaderboard
2026-01-31T16:02:59.393Z GET /games
2026-01-31T16:02:59.394Z GET /leaderboard
2026-01-31T16:02:59.919Z GET /leaderboard
2026-01-31T16:02:59.920Z GET /games
2026-01-31T16:03:00.405Z GET /games
2026-01-31T16:03:00.406Z GET /leaderboard
2026-01-31T16:03:00.917Z GET /games
2026-01-31T16:03:00.918Z GET /leaderboard
2026-01-31T16:03:01.529Z GET /leaderboard
2026-01-31T16:03:01.529Z GET /games
2026-01-31T16:03:01.940Z GET /games
2026-01-31T16:03:01.941Z GET /leaderboard
2026-01-31T16:03:02.452Z GET /games
2026-01-31T16:03:02.452Z GET /leaderboard
2026-01-31T16:03:02.964Z GET /leaderboard
2026-01-31T16:03:02.965Z GET /games
2026-01-31T16:03:03.475Z GET /leaderboard
2026-01-31T16:03:03.475Z GET /games
2026-01-31T16:03:03.899Z GET /leaderboard
2026-01-31T16:03:03.903Z GET /games
2026-01-31T16:03:04.396Z GET /games
2026-01-31T16:03:04.401Z GET /leaderboard
2026-01-31T16:03:04.894Z GET /games
2026-01-31T16:03:04.908Z GET /leaderboard
2026-01-31T16:03:05.420Z GET /leaderboard
2026-01-31T16:03:05.420Z GET /games
2026-01-31T16:03:05.911Z GET /leaderboard
2026-01-31T16:03:05.912Z GET /games
2026-01-31T16:03:06.444Z GET /games
2026-01-31T16:03:06.444Z GET /leaderboard
2026-01-31T16:03:06.956Z GET /games
2026-01-31T16:03:06.956Z GET /leaderboard
2026-01-31T16:03:07.469Z GET /games
2026-01-31T16:03:07.469Z GET /leaderboard
2026-01-31T16:03:07.981Z GET /leaderboard
2026-01-31T16:03:07.981Z GET /games
2026-01-31T16:03:08.405Z GET /leaderboard
2026-01-31T16:03:08.406Z GET /games
2026-01-31T16:03:09.004Z GET /games
2026-01-31T16:03:09.005Z GET /leaderboard
2026-01-31T16:03:09.414Z GET /games
2026-01-31T16:03:09.414Z GET /leaderboard
2026-01-31T16:03:09.925Z GET /games
2026-01-31T16:03:09.926Z GET /leaderboard
2026-01-31T16:03:10.438Z GET /leaderboard
2026-01-31T16:03:10.439Z GET /games
2026-01-31T16:03:10.949Z GET /leaderboard
2026-01-31T16:03:10.950Z GET /games
2026-01-31T16:03:11.398Z GET /games
2026-01-31T16:03:11.403Z GET /leaderboard
2026-01-31T16:03:11.973Z GET /games
2026-01-31T16:03:11.974Z GET /leaderboard
2026-01-31T16:03:12.415Z GET /leaderboard
2026-01-31T16:03:12.415Z GET /games
2026-01-31T16:03:12.936Z GET /leaderboard
2026-01-31T16:03:12.936Z GET /games
2026-01-31T16:03:13.510Z GET /games
2026-01-31T16:03:13.511Z GET /leaderboard
2026-01-31T16:03:14.022Z GET /leaderboard
2026-01-31T16:03:14.022Z GET /games
2026-01-31T16:03:14.432Z GET /games
2026-01-31T16:03:14.433Z GET /leaderboard
2026-01-31T16:03:14.943Z GET /games
2026-01-31T16:03:14.944Z GET /leaderboard
2026-01-31T16:03:15.454Z GET /leaderboard
2026-01-31T16:03:15.454Z GET /games
